<?xml version="1.0" encoding="UTF-8" ?>
<testsuite tests="999" failures="0" name="testing.romano.testingnumromano.test.RomanoTesting" time="1.163" errors="0" skipped="0">
  <properties>
[...]
</properties>
  <testcase classname="[1] numeroNatural=2, numeroRomano=II(testNumerosRomanos(int, String))" name="[1] numeroNatural=2, numeroRomano=II(testNumerosRomanos" time="0.097"/>
  <testcase classname="[2] numeroNatural=3, numeroRomano=III(testNumerosRomanos(int, String))" name="[2] numeroNatural=3, numeroRomano=III(testNumerosRomanos" time="0.003"/>
  <testcase classname="[3] numeroNatural=4, numeroRomano=IV(testNumerosRomanos(int, String))" name="[3] numeroNatural=4, numeroRomano=IV(testNumerosRomanos" time="0.003"/>
  <testcase classname="[4] numeroNatural=5, numeroRomano=V(testNumerosRomanos(int, String))" name="[4] numeroNatural=5, numeroRomano=V(testNumerosRomanos" time="0.003"/>
  <testcase classname="[5] numeroNatural=6, numeroRomano=VI(testNumerosRomanos(int, String))" name="[5] numeroNatural=6, numeroRomano=VI(testNumerosRomanos" time="0.003"/>
  <testcase classname="[6] numeroNatural=7, numeroRomano=VII(testNumerosRomanos(int, String))" name="[6] numeroNatural=7, numeroRomano=VII(testNumerosRomanos" time="0.002"/>
  <testcase classname="[7] numeroNatural=8, numeroRomano=VIII(testNumerosRomanos(int, String))" name="[7] numeroNatural=8, numeroRomano=VIII(testNumerosRomanos" time="0.004"/>
  <testcase classname="[8] numeroNatural=9, numeroRomano=IX(testNumerosRomanos(int, String))" name="[8] numeroNatural=9, numeroRomano=IX(testNumerosRomanos" time="0.002"/>
  <testcase classname="[9] numeroNatural=10, numeroRomano=X(testNumerosRomanos(int, String))" name="[9] numeroNatural=10, numeroRomano=X(testNumerosRomanos" time="0.005"/>
  <testcase classname="[10] numeroNatural=11, numeroRomano=XI(testNumerosRomanos(int, String))" name="[10] numeroNatural=11, numeroRomano=XI(testNumerosRomanos" time="0.001"/>
  <testcase classname="[11] numeroNatural=12, numeroRomano=XII(testNumerosRomanos(int, String))" name="[11] numeroNatural=12, numeroRomano=XII(testNumerosRomanos" time="0.002"/>
  <testcase classname="[12] numeroNatural=13, numeroRomano=XIII(testNumerosRomanos(int, String))" name="[12] numeroNatural=13, numeroRomano=XIII(testNumerosRomanos" time="0.002"/>
  <testcase classname="[13] numeroNatural=14, numeroRomano=XIV(testNumerosRomanos(int, String))" name="[13] numeroNatural=14, numeroRomano=XIV(testNumerosRomanos" time="0.003"/>
  <testcase classname="[14] numeroNatural=15, numeroRomano=XV(testNumerosRomanos(int, String))" name="[14] numeroNatural=15, numeroRomano=XV(testNumerosRomanos" time="0.003"/>
  <testcase classname="[15] numeroNatural=16, numeroRomano=XVI(testNumerosRomanos(int, String))" name="[15] numeroNatural=16, numeroRomano=XVI(testNumerosRomanos" time="0.002"/>
  <testcase classname="[16] numeroNatural=17, numeroRomano=XVII(testNumerosRomanos(int, String))" name="[16] numeroNatural=17, numeroRomano=XVII(testNumerosRomanos" time="0.004"/>
  <testcase classname="[17] numeroNatural=18, numeroRomano=XVIII(testNumerosRomanos(int, String))" name="[17] numeroNatural=18, numeroRomano=XVIII(testNumerosRomanos" time="0"/>
  <testcase classname="[18] numeroNatural=19, numeroRomano=XIX(testNumerosRomanos(int, String))" name="[18] numeroNatural=19, numeroRomano=XIX(testNumerosRomanos" time="0.002"/>
  <testcase classname="[19] numeroNatural=20, numeroRomano=XX(testNumerosRomanos(int, String))" name="[19] numeroNatural=20, numeroRomano=XX(testNumerosRomanos" time="0.002"/>
  <testcase classname="[20] numeroNatural=21, numeroRomano=XXI(testNumerosRomanos(int, String))" name="[20] numeroNatural=21, numeroRomano=XXI(testNumerosRomanos" time="0.002"/>
  <testcase classname="[21] numeroNatural=22, numeroRomano=XXII(testNumerosRomanos(int, String))" name="[21] numeroNatural=22, numeroRomano=XXII(testNumerosRomanos" time="0.002"/>
  <testcase classname="[22] numeroNatural=23, numeroRomano=XXIII(testNumerosRomanos(int, String))" name="[22] numeroNatural=23, numeroRomano=XXIII(testNumerosRomanos" time="0.002"/>
  <testcase classname="[23] numeroNatural=24, numeroRomano=XXIV(testNumerosRomanos(int, String))" name="[23] numeroNatural=24, numeroRomano=XXIV(testNumerosRomanos" time="0"/>
  <testcase classname="[24] numeroNatural=25, numeroRomano=XXV(testNumerosRomanos(int, String))" name="[24] numeroNatural=25, numeroRomano=XXV(testNumerosRomanos" time="0.002"/>
  <testcase classname="[25] numeroNatural=26, numeroRomano=XXVI(testNumerosRomanos(int, String))" name="[25] numeroNatural=26, numeroRomano=XXVI(testNumerosRomanos" time="0.002"/>
  <testcase classname="[26] numeroNatural=27, numeroRomano=XXVII(testNumerosRomanos(int, String))" name="[26] numeroNatural=27, numeroRomano=XXVII(testNumerosRomanos" time="0.002"/>
  <testcase classname="[27] numeroNatural=28, numeroRomano=XXVIII(testNumerosRomanos(int, String))" name="[27] numeroNatural=28, numeroRomano=XXVIII(testNumerosRomanos" time="0.002"/>
  <testcase classname="[28] numeroNatural=29, numeroRomano=XXIX(testNumerosRomanos(int, String))" name="[28] numeroNatural=29, numeroRomano=XXIX(testNumerosRomanos" time="0.002"/>
  <testcase classname="[29] numeroNatural=30, numeroRomano=XXX(testNumerosRomanos(int, String))" name="[29] numeroNatural=30, numeroRomano=XXX(testNumerosRomanos" time="0.001"/>
  <testcase classname="[30] numeroNatural=31, numeroRomano=XXXI(testNumerosRomanos(int, String))" name="[30] numeroNatural=31, numeroRomano=XXXI(testNumerosRomanos" time="0.002"/>
  <testcase classname="[31] numeroNatural=32, numeroRomano=XXXII(testNumerosRomanos(int, String))" name="[31] numeroNatural=32, numeroRomano=XXXII(testNumerosRomanos" time="0.003"/>
  <testcase classname="[32] numeroNatural=33, numeroRomano=XXXIII(testNumerosRomanos(int, String))" name="[32] numeroNatural=33, numeroRomano=XXXIII(testNumerosRomanos" time="0.001"/>
  <testcase classname="[33] numeroNatural=34, numeroRomano=XXXIV(testNumerosRomanos(int, String))" name="[33] numeroNatural=34, numeroRomano=XXXIV(testNumerosRomanos" time="0.001"/>
  <testcase classname="[34] numeroNatural=35, numeroRomano=XXXV(testNumerosRomanos(int, String))" name="[34] numeroNatural=35, numeroRomano=XXXV(testNumerosRomanos" time="0.001"/>
  <testcase classname="[35] numeroNatural=36, numeroRomano=XXXVI(testNumerosRomanos(int, String))" name="[35] numeroNatural=36, numeroRomano=XXXVI(testNumerosRomanos" time="0.002"/>
  <testcase classname="[36] numeroNatural=37, numeroRomano=XXXVII(testNumerosRomanos(int, String))" name="[36] numeroNatural=37, numeroRomano=XXXVII(testNumerosRomanos" time="0.002"/>
  <testcase classname="[37] numeroNatural=38, numeroRomano=XXXVIII(testNumerosRomanos(int, String))" name="[37] numeroNatural=38, numeroRomano=XXXVIII(testNumerosRomanos" time="0.002"/>
  <testcase classname="[38] numeroNatural=39, numeroRomano=XXXIX(testNumerosRomanos(int, String))" name="[38] numeroNatural=39, numeroRomano=XXXIX(testNumerosRomanos" time="0.003"/>
  <testcase classname="[39] numeroNatural=40, numeroRomano=XL(testNumerosRomanos(int, String))" name="[39] numeroNatural=40, numeroRomano=XL(testNumerosRomanos" time="0.002"/>
  <testcase classname="[40] numeroNatural=41, numeroRomano=XLI(testNumerosRomanos(int, String))" name="[40] numeroNatural=41, numeroRomano=XLI(testNumerosRomanos" time="0.002"/>
  <testcase classname="[41] numeroNatural=42, numeroRomano=XLII(testNumerosRomanos(int, String))" name="[41] numeroNatural=42, numeroRomano=XLII(testNumerosRomanos" time="0.001"/>
  <testcase classname="[42] numeroNatural=43, numeroRomano=XLIII(testNumerosRomanos(int, String))" name="[42] numeroNatural=43, numeroRomano=XLIII(testNumerosRomanos" time="0.002"/>
  <testcase classname="[43] numeroNatural=44, numeroRomano=XLIV(testNumerosRomanos(int, String))" name="[43] numeroNatural=44, numeroRomano=XLIV(testNumerosRomanos" time="0.002"/>
  <testcase classname="[44] numeroNatural=45, numeroRomano=XLV(testNumerosRomanos(int, String))" name="[44] numeroNatural=45, numeroRomano=XLV(testNumerosRomanos" time="0.001"/>
  <testcase classname="[45] numeroNatural=46, numeroRomano=XLVI(testNumerosRomanos(int, String))" name="[45] numeroNatural=46, numeroRomano=XLVI(testNumerosRomanos" time="0.002"/>
  <testcase classname="[46] numeroNatural=47, numeroRomano=XLVII(testNumerosRomanos(int, String))" name="[46] numeroNatural=47, numeroRomano=XLVII(testNumerosRomanos" time="0.001"/>
  <testcase classname="[47] numeroNatural=48, numeroRomano=XLVIII(testNumerosRomanos(int, String))" name="[47] numeroNatural=48, numeroRomano=XLVIII(testNumerosRomanos" time="0.001"/>
  <testcase classname="[48] numeroNatural=49, numeroRomano=XLIX(testNumerosRomanos(int, String))" name="[48] numeroNatural=49, numeroRomano=XLIX(testNumerosRomanos" time="0.001"/>
  <testcase classname="[49] numeroNatural=50, numeroRomano=L(testNumerosRomanos(int, String))" name="[49] numeroNatural=50, numeroRomano=L(testNumerosRomanos" time="0.002"/>
  <testcase classname="[50] numeroNatural=51, numeroRomano=LI(testNumerosRomanos(int, String))" name="[50] numeroNatural=51, numeroRomano=LI(testNumerosRomanos" time="0.001"/>
  <testcase classname="[51] numeroNatural=52, numeroRomano=LII(testNumerosRomanos(int, String))" name="[51] numeroNatural=52, numeroRomano=LII(testNumerosRomanos" time="0.001"/>
  <testcase classname="[52] numeroNatural=53, numeroRomano=LIII(testNumerosRomanos(int, String))" name="[52] numeroNatural=53, numeroRomano=LIII(testNumerosRomanos" time="0.001"/>
  <testcase classname="[53] numeroNatural=54, numeroRomano=LIV(testNumerosRomanos(int, String))" name="[53] numeroNatural=54, numeroRomano=LIV(testNumerosRomanos" time="0.002"/>
  <testcase classname="[54] numeroNatural=55, numeroRomano=LV(testNumerosRomanos(int, String))" name="[54] numeroNatural=55, numeroRomano=LV(testNumerosRomanos" time="0.002"/>
  <testcase classname="[55] numeroNatural=56, numeroRomano=LVI(testNumerosRomanos(int, String))" name="[55] numeroNatural=56, numeroRomano=LVI(testNumerosRomanos" time="0.001"/>
  <testcase classname="[56] numeroNatural=57, numeroRomano=LVII(testNumerosRomanos(int, String))" name="[56] numeroNatural=57, numeroRomano=LVII(testNumerosRomanos" time="0.001"/>
  <testcase classname="[57] numeroNatural=58, numeroRomano=LVIII(testNumerosRomanos(int, String))" name="[57] numeroNatural=58, numeroRomano=LVIII(testNumerosRomanos" time="0.003"/>
  <testcase classname="[58] numeroNatural=59, numeroRomano=LIX(testNumerosRomanos(int, String))" name="[58] numeroNatural=59, numeroRomano=LIX(testNumerosRomanos" time="0.003"/>
  <testcase classname="[59] numeroNatural=60, numeroRomano=LX(testNumerosRomanos(int, String))" name="[59] numeroNatural=60, numeroRomano=LX(testNumerosRomanos" time="0.004"/>
  <testcase classname="[60] numeroNatural=61, numeroRomano=LXI(testNumerosRomanos(int, String))" name="[60] numeroNatural=61, numeroRomano=LXI(testNumerosRomanos" time="0.001"/>
  <testcase classname="[61] numeroNatural=62, numeroRomano=LXII(testNumerosRomanos(int, String))" name="[61] numeroNatural=62, numeroRomano=LXII(testNumerosRomanos" time="0.001"/>
  <testcase classname="[62] numeroNatural=63, numeroRomano=LXIII(testNumerosRomanos(int, String))" name="[62] numeroNatural=63, numeroRomano=LXIII(testNumerosRomanos" time="0.003"/>
  <testcase classname="[63] numeroNatural=64, numeroRomano=LXIV(testNumerosRomanos(int, String))" name="[63] numeroNatural=64, numeroRomano=LXIV(testNumerosRomanos" time="0.002"/>
  <testcase classname="[64] numeroNatural=65, numeroRomano=LXV(testNumerosRomanos(int, String))" name="[64] numeroNatural=65, numeroRomano=LXV(testNumerosRomanos" time="0.001"/>
  <testcase classname="[65] numeroNatural=66, numeroRomano=LXVI(testNumerosRomanos(int, String))" name="[65] numeroNatural=66, numeroRomano=LXVI(testNumerosRomanos" time="0.001"/>
  <testcase classname="[66] numeroNatural=67, numeroRomano=LXVII(testNumerosRomanos(int, String))" name="[66] numeroNatural=67, numeroRomano=LXVII(testNumerosRomanos" time="0.001"/>
  <testcase classname="[67] numeroNatural=68, numeroRomano=LXVIII(testNumerosRomanos(int, String))" name="[67] numeroNatural=68, numeroRomano=LXVIII(testNumerosRomanos" time="0.002"/>
  <testcase classname="[68] numeroNatural=69, numeroRomano=LXIX(testNumerosRomanos(int, String))" name="[68] numeroNatural=69, numeroRomano=LXIX(testNumerosRomanos" time="0.001"/>
  <testcase classname="[69] numeroNatural=70, numeroRomano=LXX(testNumerosRomanos(int, String))" name="[69] numeroNatural=70, numeroRomano=LXX(testNumerosRomanos" time="0.002"/>
  <testcase classname="[70] numeroNatural=71, numeroRomano=LXXI(testNumerosRomanos(int, String))" name="[70] numeroNatural=71, numeroRomano=LXXI(testNumerosRomanos" time="0.001"/>
  <testcase classname="[71] numeroNatural=72, numeroRomano=LXXII(testNumerosRomanos(int, String))" name="[71] numeroNatural=72, numeroRomano=LXXII(testNumerosRomanos" time="0.002"/>
  <testcase classname="[72] numeroNatural=73, numeroRomano=LXXIII(testNumerosRomanos(int, String))" name="[72] numeroNatural=73, numeroRomano=LXXIII(testNumerosRomanos" time="0.001"/>
  <testcase classname="[73] numeroNatural=74, numeroRomano=LXXIV(testNumerosRomanos(int, String))" name="[73] numeroNatural=74, numeroRomano=LXXIV(testNumerosRomanos" time="0.001"/>
  <testcase classname="[74] numeroNatural=75, numeroRomano=LXXV(testNumerosRomanos(int, String))" name="[74] numeroNatural=75, numeroRomano=LXXV(testNumerosRomanos" time="0.001"/>
  <testcase classname="[75] numeroNatural=76, numeroRomano=LXXVI(testNumerosRomanos(int, String))" name="[75] numeroNatural=76, numeroRomano=LXXVI(testNumerosRomanos" time="0.002"/>
  <testcase classname="[76] numeroNatural=77, numeroRomano=LXXVII(testNumerosRomanos(int, String))" name="[76] numeroNatural=77, numeroRomano=LXXVII(testNumerosRomanos" time="0.002"/>
  <testcase classname="[77] numeroNatural=78, numeroRomano=LXXVIII(testNumerosRomanos(int, String))" name="[77] numeroNatural=78, numeroRomano=LXXVIII(testNumerosRomanos" time="0.001"/>
  <testcase classname="[78] numeroNatural=79, numeroRomano=LXXIX(testNumerosRomanos(int, String))" name="[78] numeroNatural=79, numeroRomano=LXXIX(testNumerosRomanos" time="0.002"/>
  <testcase classname="[79] numeroNatural=80, numeroRomano=LXXX(testNumerosRomanos(int, String))" name="[79] numeroNatural=80, numeroRomano=LXXX(testNumerosRomanos" time="0.002"/>
  <testcase classname="[80] numeroNatural=81, numeroRomano=LXXXI(testNumerosRomanos(int, String))" name="[80] numeroNatural=81, numeroRomano=LXXXI(testNumerosRomanos" time="0.002"/>
  <testcase classname="[81] numeroNatural=82, numeroRomano=LXXXII(testNumerosRomanos(int, String))" name="[81] numeroNatural=82, numeroRomano=LXXXII(testNumerosRomanos" time="0.002"/>
  <testcase classname="[82] numeroNatural=83, numeroRomano=LXXXIII(testNumerosRomanos(int, String))" name="[82] numeroNatural=83, numeroRomano=LXXXIII(testNumerosRomanos" time="0.003"/>
  <testcase classname="[83] numeroNatural=84, numeroRomano=LXXXIV(testNumerosRomanos(int, String))" name="[83] numeroNatural=84, numeroRomano=LXXXIV(testNumerosRomanos" time="0.002"/>
  <testcase classname="[84] numeroNatural=85, numeroRomano=LXXXV(testNumerosRomanos(int, String))" name="[84] numeroNatural=85, numeroRomano=LXXXV(testNumerosRomanos" time="0.002"/>
  <testcase classname="[85] numeroNatural=86, numeroRomano=LXXXVI(testNumerosRomanos(int, String))" name="[85] numeroNatural=86, numeroRomano=LXXXVI(testNumerosRomanos" time="0.001"/>
  <testcase classname="[86] numeroNatural=87, numeroRomano=LXXXVII(testNumerosRomanos(int, String))" name="[86] numeroNatural=87, numeroRomano=LXXXVII(testNumerosRomanos" time="0.001"/>
  <testcase classname="[87] numeroNatural=88, numeroRomano=LXXXVIII(testNumerosRomanos(int, String))" name="[87] numeroNatural=88, numeroRomano=LXXXVIII(testNumerosRomanos" time="0"/>
  <testcase classname="[88] numeroNatural=89, numeroRomano=LXXXIX(testNumerosRomanos(int, String))" name="[88] numeroNatural=89, numeroRomano=LXXXIX(testNumerosRomanos" time="0.002"/>
  <testcase classname="[89] numeroNatural=90, numeroRomano=XC(testNumerosRomanos(int, String))" name="[89] numeroNatural=90, numeroRomano=XC(testNumerosRomanos" time="0.002"/>
  <testcase classname="[90] numeroNatural=91, numeroRomano=XCI(testNumerosRomanos(int, String))" name="[90] numeroNatural=91, numeroRomano=XCI(testNumerosRomanos" time="0.002"/>
  <testcase classname="[91] numeroNatural=92, numeroRomano=XCII(testNumerosRomanos(int, String))" name="[91] numeroNatural=92, numeroRomano=XCII(testNumerosRomanos" time="0.002"/>
  <testcase classname="[92] numeroNatural=93, numeroRomano=XCIII(testNumerosRomanos(int, String))" name="[92] numeroNatural=93, numeroRomano=XCIII(testNumerosRomanos" time="0.001"/>
  <testcase classname="[93] numeroNatural=94, numeroRomano=XCIV(testNumerosRomanos(int, String))" name="[93] numeroNatural=94, numeroRomano=XCIV(testNumerosRomanos" time="0.002"/>
  <testcase classname="[94] numeroNatural=95, numeroRomano=XCV(testNumerosRomanos(int, String))" name="[94] numeroNatural=95, numeroRomano=XCV(testNumerosRomanos" time="0.002"/>
  <testcase classname="[95] numeroNatural=96, numeroRomano=XCVI(testNumerosRomanos(int, String))" name="[95] numeroNatural=96, numeroRomano=XCVI(testNumerosRomanos" time="0.001"/>
  <testcase classname="[96] numeroNatural=97, numeroRomano=XCVII(testNumerosRomanos(int, String))" name="[96] numeroNatural=97, numeroRomano=XCVII(testNumerosRomanos" time="0.001"/>
  <testcase classname="[97] numeroNatural=98, numeroRomano=XCVIII(testNumerosRomanos(int, String))" name="[97] numeroNatural=98, numeroRomano=XCVIII(testNumerosRomanos" time="0.002"/>
  <testcase classname="[98] numeroNatural=99, numeroRomano=XCIX(testNumerosRomanos(int, String))" name="[98] numeroNatural=99, numeroRomano=XCIX(testNumerosRomanos" time="0.002"/>
  <testcase classname="[99] numeroNatural=100, numeroRomano=C(testNumerosRomanos(int, String))" name="[99] numeroNatural=100, numeroRomano=C(testNumerosRomanos" time="0.001"/>
  <testcase classname="[100] numeroNatural=101, numeroRomano=CI(testNumerosRomanos(int, String))" name="[100] numeroNatural=101, numeroRomano=CI(testNumerosRomanos" time="0.002"/>
  <testcase classname="[101] numeroNatural=102, numeroRomano=CII(testNumerosRomanos(int, String))" name="[101] numeroNatural=102, numeroRomano=CII(testNumerosRomanos" time="0.001"/>
  <testcase classname="[102] numeroNatural=103, numeroRomano=CIII(testNumerosRomanos(int, String))" name="[102] numeroNatural=103, numeroRomano=CIII(testNumerosRomanos" time="0"/>
  <testcase classname="[103] numeroNatural=104, numeroRomano=CIV(testNumerosRomanos(int, String))" name="[103] numeroNatural=104, numeroRomano=CIV(testNumerosRomanos" time="0.002"/>
  <testcase classname="[104] numeroNatural=105, numeroRomano=CV(testNumerosRomanos(int, String))" name="[104] numeroNatural=105, numeroRomano=CV(testNumerosRomanos" time="0.002"/>
  <testcase classname="[105] numeroNatural=106, numeroRomano=CVI(testNumerosRomanos(int, String))" name="[105] numeroNatural=106, numeroRomano=CVI(testNumerosRomanos" time="0.001"/>
  <testcase classname="[106] numeroNatural=107, numeroRomano=CVII(testNumerosRomanos(int, String))" name="[106] numeroNatural=107, numeroRomano=CVII(testNumerosRomanos" time="0.001"/>
  <testcase classname="[107] numeroNatural=108, numeroRomano=CVIII(testNumerosRomanos(int, String))" name="[107] numeroNatural=108, numeroRomano=CVIII(testNumerosRomanos" time="0"/>
  <testcase classname="[108] numeroNatural=109, numeroRomano=CIX(testNumerosRomanos(int, String))" name="[108] numeroNatural=109, numeroRomano=CIX(testNumerosRomanos" time="0.002"/>
  <testcase classname="[109] numeroNatural=110, numeroRomano=CX(testNumerosRomanos(int, String))" name="[109] numeroNatural=110, numeroRomano=CX(testNumerosRomanos" time="0.001"/>
  <testcase classname="[110] numeroNatural=111, numeroRomano=CXI(testNumerosRomanos(int, String))" name="[110] numeroNatural=111, numeroRomano=CXI(testNumerosRomanos" time="0.022"/>
  <testcase classname="[111] numeroNatural=112, numeroRomano=CXII(testNumerosRomanos(int, String))" name="[111] numeroNatural=112, numeroRomano=CXII(testNumerosRomanos" time="0.001"/>
  <testcase classname="[112] numeroNatural=113, numeroRomano=CXIII(testNumerosRomanos(int, String))" name="[112] numeroNatural=113, numeroRomano=CXIII(testNumerosRomanos" time="0.002"/>
  <testcase classname="[113] numeroNatural=114, numeroRomano=CXIV(testNumerosRomanos(int, String))" name="[113] numeroNatural=114, numeroRomano=CXIV(testNumerosRomanos" time="0"/>
  <testcase classname="[114] numeroNatural=115, numeroRomano=CXV(testNumerosRomanos(int, String))" name="[114] numeroNatural=115, numeroRomano=CXV(testNumerosRomanos" time="0.001"/>
  <testcase classname="[115] numeroNatural=116, numeroRomano=CXVI(testNumerosRomanos(int, String))" name="[115] numeroNatural=116, numeroRomano=CXVI(testNumerosRomanos" time="0.002"/>
  <testcase classname="[116] numeroNatural=117, numeroRomano=CXVII(testNumerosRomanos(int, String))" name="[116] numeroNatural=117, numeroRomano=CXVII(testNumerosRomanos" time="0.001"/>
  <testcase classname="[117] numeroNatural=118, numeroRomano=CXVIII(testNumerosRomanos(int, String))" name="[117] numeroNatural=118, numeroRomano=CXVIII(testNumerosRomanos" time="0.002"/>
  <testcase classname="[118] numeroNatural=119, numeroRomano=CXIX(testNumerosRomanos(int, String))" name="[118] numeroNatural=119, numeroRomano=CXIX(testNumerosRomanos" time="0.001"/>
  <testcase classname="[119] numeroNatural=120, numeroRomano=CXX(testNumerosRomanos(int, String))" name="[119] numeroNatural=120, numeroRomano=CXX(testNumerosRomanos" time="0.001"/>
  <testcase classname="[120] numeroNatural=121, numeroRomano=CXXI(testNumerosRomanos(int, String))" name="[120] numeroNatural=121, numeroRomano=CXXI(testNumerosRomanos" time="0.002"/>
  <testcase classname="[121] numeroNatural=122, numeroRomano=CXXII(testNumerosRomanos(int, String))" name="[121] numeroNatural=122, numeroRomano=CXXII(testNumerosRomanos" time="0"/>
  <testcase classname="[122] numeroNatural=123, numeroRomano=CXXIII(testNumerosRomanos(int, String))" name="[122] numeroNatural=123, numeroRomano=CXXIII(testNumerosRomanos" time="0.001"/>
  <testcase classname="[123] numeroNatural=124, numeroRomano=CXXIV(testNumerosRomanos(int, String))" name="[123] numeroNatural=124, numeroRomano=CXXIV(testNumerosRomanos" time="0.005"/>
  <testcase classname="[124] numeroNatural=125, numeroRomano=CXXV(testNumerosRomanos(int, String))" name="[124] numeroNatural=125, numeroRomano=CXXV(testNumerosRomanos" time="0.005"/>
  <testcase classname="[125] numeroNatural=126, numeroRomano=CXXVI(testNumerosRomanos(int, String))" name="[125] numeroNatural=126, numeroRomano=CXXVI(testNumerosRomanos" time="0.001"/>
  <testcase classname="[126] numeroNatural=127, numeroRomano=CXXVII(testNumerosRomanos(int, String))" name="[126] numeroNatural=127, numeroRomano=CXXVII(testNumerosRomanos" time="0.002"/>
  <testcase classname="[127] numeroNatural=128, numeroRomano=CXXVIII(testNumerosRomanos(int, String))" name="[127] numeroNatural=128, numeroRomano=CXXVIII(testNumerosRomanos" time="0.002"/>
  <testcase classname="[128] numeroNatural=129, numeroRomano=CXXIX(testNumerosRomanos(int, String))" name="[128] numeroNatural=129, numeroRomano=CXXIX(testNumerosRomanos" time="0.002"/>
  <testcase classname="[129] numeroNatural=130, numeroRomano=CXXX(testNumerosRomanos(int, String))" name="[129] numeroNatural=130, numeroRomano=CXXX(testNumerosRomanos" time="0.001"/>
  <testcase classname="[130] numeroNatural=131, numeroRomano=CXXXI(testNumerosRomanos(int, String))" name="[130] numeroNatural=131, numeroRomano=CXXXI(testNumerosRomanos" time="0.001"/>
  <testcase classname="[131] numeroNatural=132, numeroRomano=CXXXII(testNumerosRomanos(int, String))" name="[131] numeroNatural=132, numeroRomano=CXXXII(testNumerosRomanos" time="0.002"/>
  <testcase classname="[132] numeroNatural=133, numeroRomano=CXXXIII(testNumerosRomanos(int, String))" name="[132] numeroNatural=133, numeroRomano=CXXXIII(testNumerosRomanos" time="0.001"/>
  <testcase classname="[133] numeroNatural=134, numeroRomano=CXXXIV(testNumerosRomanos(int, String))" name="[133] numeroNatural=134, numeroRomano=CXXXIV(testNumerosRomanos" time="0.002"/>
  <testcase classname="[134] numeroNatural=135, numeroRomano=CXXXV(testNumerosRomanos(int, String))" name="[134] numeroNatural=135, numeroRomano=CXXXV(testNumerosRomanos" time="0.001"/>
  <testcase classname="[135] numeroNatural=136, numeroRomano=CXXXVI(testNumerosRomanos(int, String))" name="[135] numeroNatural=136, numeroRomano=CXXXVI(testNumerosRomanos" time="0.002"/>
  <testcase classname="[136] numeroNatural=137, numeroRomano=CXXXVII(testNumerosRomanos(int, String))" name="[136] numeroNatural=137, numeroRomano=CXXXVII(testNumerosRomanos" time="0.001"/>
  <testcase classname="[137] numeroNatural=138, numeroRomano=CXXXVIII(testNumerosRomanos(int, String))" name="[137] numeroNatural=138, numeroRomano=CXXXVIII(testNumerosRomanos" time="0.002"/>
  <testcase classname="[138] numeroNatural=139, numeroRomano=CXXXIX(testNumerosRomanos(int, String))" name="[138] numeroNatural=139, numeroRomano=CXXXIX(testNumerosRomanos" time="0.001"/>
  <testcase classname="[139] numeroNatural=140, numeroRomano=CXL(testNumerosRomanos(int, String))" name="[139] numeroNatural=140, numeroRomano=CXL(testNumerosRomanos" time="0.003"/>
  <testcase classname="[140] numeroNatural=141, numeroRomano=CXLI(testNumerosRomanos(int, String))" name="[140] numeroNatural=141, numeroRomano=CXLI(testNumerosRomanos" time="0.001"/>
  <testcase classname="[141] numeroNatural=142, numeroRomano=CXLII(testNumerosRomanos(int, String))" name="[141] numeroNatural=142, numeroRomano=CXLII(testNumerosRomanos" time="0.001"/>
  <testcase classname="[142] numeroNatural=143, numeroRomano=CXLIII(testNumerosRomanos(int, String))" name="[142] numeroNatural=143, numeroRomano=CXLIII(testNumerosRomanos" time="0.002"/>
  <testcase classname="[143] numeroNatural=144, numeroRomano=CXLIV(testNumerosRomanos(int, String))" name="[143] numeroNatural=144, numeroRomano=CXLIV(testNumerosRomanos" time="0.005"/>
  <testcase classname="[144] numeroNatural=145, numeroRomano=CXLV(testNumerosRomanos(int, String))" name="[144] numeroNatural=145, numeroRomano=CXLV(testNumerosRomanos" time="0.002"/>
  <testcase classname="[145] numeroNatural=146, numeroRomano=CXLVI(testNumerosRomanos(int, String))" name="[145] numeroNatural=146, numeroRomano=CXLVI(testNumerosRomanos" time="0.001"/>
  <testcase classname="[146] numeroNatural=147, numeroRomano=CXLVII(testNumerosRomanos(int, String))" name="[146] numeroNatural=147, numeroRomano=CXLVII(testNumerosRomanos" time="0.001"/>
  <testcase classname="[147] numeroNatural=148, numeroRomano=CXLVIII(testNumerosRomanos(int, String))" name="[147] numeroNatural=148, numeroRomano=CXLVIII(testNumerosRomanos" time="0"/>
  <testcase classname="[148] numeroNatural=149, numeroRomano=CXLIX(testNumerosRomanos(int, String))" name="[148] numeroNatural=149, numeroRomano=CXLIX(testNumerosRomanos" time="0.005"/>
  <testcase classname="[149] numeroNatural=150, numeroRomano=CL(testNumerosRomanos(int, String))" name="[149] numeroNatural=150, numeroRomano=CL(testNumerosRomanos" time="0.012"/>
  <testcase classname="[150] numeroNatural=151, numeroRomano=CLI(testNumerosRomanos(int, String))" name="[150] numeroNatural=151, numeroRomano=CLI(testNumerosRomanos" time="0.002"/>
  <testcase classname="[151] numeroNatural=152, numeroRomano=CLII(testNumerosRomanos(int, String))" name="[151] numeroNatural=152, numeroRomano=CLII(testNumerosRomanos" time="0.001"/>
  <testcase classname="[152] numeroNatural=153, numeroRomano=CLIII(testNumerosRomanos(int, String))" name="[152] numeroNatural=153, numeroRomano=CLIII(testNumerosRomanos" time="0.002"/>
  <testcase classname="[153] numeroNatural=154, numeroRomano=CLIV(testNumerosRomanos(int, String))" name="[153] numeroNatural=154, numeroRomano=CLIV(testNumerosRomanos" time="0.001"/>
  <testcase classname="[154] numeroNatural=155, numeroRomano=CLV(testNumerosRomanos(int, String))" name="[154] numeroNatural=155, numeroRomano=CLV(testNumerosRomanos" time="0.002"/>
  <testcase classname="[155] numeroNatural=156, numeroRomano=CLVI(testNumerosRomanos(int, String))" name="[155] numeroNatural=156, numeroRomano=CLVI(testNumerosRomanos" time="0.001"/>
  <testcase classname="[156] numeroNatural=157, numeroRomano=CLVII(testNumerosRomanos(int, String))" name="[156] numeroNatural=157, numeroRomano=CLVII(testNumerosRomanos" time="0.002"/>
  <testcase classname="[157] numeroNatural=158, numeroRomano=CLVIII(testNumerosRomanos(int, String))" name="[157] numeroNatural=158, numeroRomano=CLVIII(testNumerosRomanos" time="0.001"/>
  <testcase classname="[158] numeroNatural=159, numeroRomano=CLIX(testNumerosRomanos(int, String))" name="[158] numeroNatural=159, numeroRomano=CLIX(testNumerosRomanos" time="0.001"/>
  <testcase classname="[159] numeroNatural=160, numeroRomano=CLX(testNumerosRomanos(int, String))" name="[159] numeroNatural=160, numeroRomano=CLX(testNumerosRomanos" time="0.005"/>
  <testcase classname="[160] numeroNatural=161, numeroRomano=CLXI(testNumerosRomanos(int, String))" name="[160] numeroNatural=161, numeroRomano=CLXI(testNumerosRomanos" time="0.001"/>
  <testcase classname="[161] numeroNatural=162, numeroRomano=CLXII(testNumerosRomanos(int, String))" name="[161] numeroNatural=162, numeroRomano=CLXII(testNumerosRomanos" time="0.002"/>
  <testcase classname="[162] numeroNatural=163, numeroRomano=CLXIII(testNumerosRomanos(int, String))" name="[162] numeroNatural=163, numeroRomano=CLXIII(testNumerosRomanos" time="0.001"/>
  <testcase classname="[163] numeroNatural=164, numeroRomano=CLXIV(testNumerosRomanos(int, String))" name="[163] numeroNatural=164, numeroRomano=CLXIV(testNumerosRomanos" time="0.004"/>
  <testcase classname="[164] numeroNatural=165, numeroRomano=CLXV(testNumerosRomanos(int, String))" name="[164] numeroNatural=165, numeroRomano=CLXV(testNumerosRomanos" time="0.001"/>
  <testcase classname="[165] numeroNatural=166, numeroRomano=CLXVI(testNumerosRomanos(int, String))" name="[165] numeroNatural=166, numeroRomano=CLXVI(testNumerosRomanos" time="0.001"/>
  <testcase classname="[166] numeroNatural=167, numeroRomano=CLXVII(testNumerosRomanos(int, String))" name="[166] numeroNatural=167, numeroRomano=CLXVII(testNumerosRomanos" time="0.001"/>
  <testcase classname="[167] numeroNatural=168, numeroRomano=CLXVIII(testNumerosRomanos(int, String))" name="[167] numeroNatural=168, numeroRomano=CLXVIII(testNumerosRomanos" time="0.001"/>
  <testcase classname="[168] numeroNatural=169, numeroRomano=CLXIX(testNumerosRomanos(int, String))" name="[168] numeroNatural=169, numeroRomano=CLXIX(testNumerosRomanos" time="0.004"/>
  <testcase classname="[169] numeroNatural=170, numeroRomano=CLXX(testNumerosRomanos(int, String))" name="[169] numeroNatural=170, numeroRomano=CLXX(testNumerosRomanos" time="0.001"/>
  <testcase classname="[170] numeroNatural=171, numeroRomano=CLXXI(testNumerosRomanos(int, String))" name="[170] numeroNatural=171, numeroRomano=CLXXI(testNumerosRomanos" time="0.003"/>
  <testcase classname="[171] numeroNatural=172, numeroRomano=CLXXII(testNumerosRomanos(int, String))" name="[171] numeroNatural=172, numeroRomano=CLXXII(testNumerosRomanos" time="0.001"/>
  <testcase classname="[172] numeroNatural=173, numeroRomano=CLXXIII(testNumerosRomanos(int, String))" name="[172] numeroNatural=173, numeroRomano=CLXXIII(testNumerosRomanos" time="0.001"/>
  <testcase classname="[173] numeroNatural=174, numeroRomano=CLXXIV(testNumerosRomanos(int, String))" name="[173] numeroNatural=174, numeroRomano=CLXXIV(testNumerosRomanos" time="0.001"/>
  <testcase classname="[174] numeroNatural=175, numeroRomano=CLXXV(testNumerosRomanos(int, String))" name="[174] numeroNatural=175, numeroRomano=CLXXV(testNumerosRomanos" time="0.001"/>
  <testcase classname="[175] numeroNatural=176, numeroRomano=CLXXVI(testNumerosRomanos(int, String))" name="[175] numeroNatural=176, numeroRomano=CLXXVI(testNumerosRomanos" time="0.001"/>
  <testcase classname="[176] numeroNatural=177, numeroRomano=CLXXVII(testNumerosRomanos(int, String))" name="[176] numeroNatural=177, numeroRomano=CLXXVII(testNumerosRomanos" time="0.001"/>
  <testcase classname="[177] numeroNatural=178, numeroRomano=CLXXVIII(testNumerosRomanos(int, String))" name="[177] numeroNatural=178, numeroRomano=CLXXVIII(testNumerosRomanos" time="0"/>
  <testcase classname="[178] numeroNatural=179, numeroRomano=CLXXIX(testNumerosRomanos(int, String))" name="[178] numeroNatural=179, numeroRomano=CLXXIX(testNumerosRomanos" time="0.001"/>
  <testcase classname="[179] numeroNatural=180, numeroRomano=CLXXX(testNumerosRomanos(int, String))" name="[179] numeroNatural=180, numeroRomano=CLXXX(testNumerosRomanos" time="0.002"/>
  <testcase classname="[180] numeroNatural=181, numeroRomano=CLXXXI(testNumerosRomanos(int, String))" name="[180] numeroNatural=181, numeroRomano=CLXXXI(testNumerosRomanos" time="0.001"/>
  <testcase classname="[181] numeroNatural=182, numeroRomano=CLXXXII(testNumerosRomanos(int, String))" name="[181] numeroNatural=182, numeroRomano=CLXXXII(testNumerosRomanos" time="0.001"/>
  <testcase classname="[182] numeroNatural=183, numeroRomano=CLXXXIII(testNumerosRomanos(int, String))" name="[182] numeroNatural=183, numeroRomano=CLXXXIII(testNumerosRomanos" time="0.001"/>
  <testcase classname="[183] numeroNatural=184, numeroRomano=CLXXXIV(testNumerosRomanos(int, String))" name="[183] numeroNatural=184, numeroRomano=CLXXXIV(testNumerosRomanos" time="0.001"/>
  <testcase classname="[184] numeroNatural=185, numeroRomano=CLXXXV(testNumerosRomanos(int, String))" name="[184] numeroNatural=185, numeroRomano=CLXXXV(testNumerosRomanos" time="0.001"/>
  <testcase classname="[185] numeroNatural=186, numeroRomano=CLXXXVI(testNumerosRomanos(int, String))" name="[185] numeroNatural=186, numeroRomano=CLXXXVI(testNumerosRomanos" time="0.001"/>
  <testcase classname="[186] numeroNatural=187, numeroRomano=CLXXXVII(testNumerosRomanos(int, String))" name="[186] numeroNatural=187, numeroRomano=CLXXXVII(testNumerosRomanos" time="0.001"/>
  <testcase classname="[187] numeroNatural=188, numeroRomano=CLXXXVIII(testNumerosRomanos(int, String))" name="[187] numeroNatural=188, numeroRomano=CLXXXVIII(testNumerosRomanos" time="0.004"/>
  <testcase classname="[188] numeroNatural=189, numeroRomano=CLXXXIX(testNumerosRomanos(int, String))" name="[188] numeroNatural=189, numeroRomano=CLXXXIX(testNumerosRomanos" time="0.001"/>
  <testcase classname="[189] numeroNatural=190, numeroRomano=CXC(testNumerosRomanos(int, String))" name="[189] numeroNatural=190, numeroRomano=CXC(testNumerosRomanos" time="0.001"/>
  <testcase classname="[190] numeroNatural=191, numeroRomano=CXCI(testNumerosRomanos(int, String))" name="[190] numeroNatural=191, numeroRomano=CXCI(testNumerosRomanos" time="0.001"/>
  <testcase classname="[191] numeroNatural=192, numeroRomano=CXCII(testNumerosRomanos(int, String))" name="[191] numeroNatural=192, numeroRomano=CXCII(testNumerosRomanos" time="0.001"/>
  <testcase classname="[192] numeroNatural=193, numeroRomano=CXCIII(testNumerosRomanos(int, String))" name="[192] numeroNatural=193, numeroRomano=CXCIII(testNumerosRomanos" time="0.002"/>
  <testcase classname="[193] numeroNatural=194, numeroRomano=CXCIV(testNumerosRomanos(int, String))" name="[193] numeroNatural=194, numeroRomano=CXCIV(testNumerosRomanos" time="0.001"/>
  <testcase classname="[194] numeroNatural=195, numeroRomano=CXCV(testNumerosRomanos(int, String))" name="[194] numeroNatural=195, numeroRomano=CXCV(testNumerosRomanos" time="0.001"/>
  <testcase classname="[195] numeroNatural=196, numeroRomano=CXCVI(testNumerosRomanos(int, String))" name="[195] numeroNatural=196, numeroRomano=CXCVI(testNumerosRomanos" time="0"/>
  <testcase classname="[196] numeroNatural=197, numeroRomano=CXCVII(testNumerosRomanos(int, String))" name="[196] numeroNatural=197, numeroRomano=CXCVII(testNumerosRomanos" time="0.001"/>
  <testcase classname="[197] numeroNatural=198, numeroRomano=CXCVIII(testNumerosRomanos(int, String))" name="[197] numeroNatural=198, numeroRomano=CXCVIII(testNumerosRomanos" time="0.001"/>
  <testcase classname="[198] numeroNatural=199, numeroRomano=CXCIX(testNumerosRomanos(int, String))" name="[198] numeroNatural=199, numeroRomano=CXCIX(testNumerosRomanos" time="0.001"/>
  <testcase classname="[199] numeroNatural=200, numeroRomano=CC(testNumerosRomanos(int, String))" name="[199] numeroNatural=200, numeroRomano=CC(testNumerosRomanos" time="0.001"/>
  <testcase classname="[200] numeroNatural=201, numeroRomano=CCI(testNumerosRomanos(int, String))" name="[200] numeroNatural=201, numeroRomano=CCI(testNumerosRomanos" time="0"/>
  <testcase classname="[201] numeroNatural=202, numeroRomano=CCII(testNumerosRomanos(int, String))" name="[201] numeroNatural=202, numeroRomano=CCII(testNumerosRomanos" time="0.001"/>
  <testcase classname="[202] numeroNatural=203, numeroRomano=CCIII(testNumerosRomanos(int, String))" name="[202] numeroNatural=203, numeroRomano=CCIII(testNumerosRomanos" time="0"/>
  <testcase classname="[203] numeroNatural=204, numeroRomano=CCIV(testNumerosRomanos(int, String))" name="[203] numeroNatural=204, numeroRomano=CCIV(testNumerosRomanos" time="0"/>
  <testcase classname="[204] numeroNatural=205, numeroRomano=CCV(testNumerosRomanos(int, String))" name="[204] numeroNatural=205, numeroRomano=CCV(testNumerosRomanos" time="0"/>
  <testcase classname="[205] numeroNatural=206, numeroRomano=CCVI(testNumerosRomanos(int, String))" name="[205] numeroNatural=206, numeroRomano=CCVI(testNumerosRomanos" time="0"/>
  <testcase classname="[206] numeroNatural=207, numeroRomano=CCVII(testNumerosRomanos(int, String))" name="[206] numeroNatural=207, numeroRomano=CCVII(testNumerosRomanos" time="0.001"/>
  <testcase classname="[207] numeroNatural=208, numeroRomano=CCVIII(testNumerosRomanos(int, String))" name="[207] numeroNatural=208, numeroRomano=CCVIII(testNumerosRomanos" time="0.001"/>
  <testcase classname="[208] numeroNatural=209, numeroRomano=CCIX(testNumerosRomanos(int, String))" name="[208] numeroNatural=209, numeroRomano=CCIX(testNumerosRomanos" time="0.001"/>
  <testcase classname="[209] numeroNatural=210, numeroRomano=CCX(testNumerosRomanos(int, String))" name="[209] numeroNatural=210, numeroRomano=CCX(testNumerosRomanos" time="0.001"/>
  <testcase classname="[210] numeroNatural=211, numeroRomano=CCXI(testNumerosRomanos(int, String))" name="[210] numeroNatural=211, numeroRomano=CCXI(testNumerosRomanos" time="0.002"/>
  <testcase classname="[211] numeroNatural=212, numeroRomano=CCXII(testNumerosRomanos(int, String))" name="[211] numeroNatural=212, numeroRomano=CCXII(testNumerosRomanos" time="0.001"/>
  <testcase classname="[212] numeroNatural=213, numeroRomano=CCXIII(testNumerosRomanos(int, String))" name="[212] numeroNatural=213, numeroRomano=CCXIII(testNumerosRomanos" time="0.001"/>
  <testcase classname="[213] numeroNatural=214, numeroRomano=CCXIV(testNumerosRomanos(int, String))" name="[213] numeroNatural=214, numeroRomano=CCXIV(testNumerosRomanos" time="0.006"/>
  <testcase classname="[214] numeroNatural=215, numeroRomano=CCXV(testNumerosRomanos(int, String))" name="[214] numeroNatural=215, numeroRomano=CCXV(testNumerosRomanos" time="0"/>
  <testcase classname="[215] numeroNatural=216, numeroRomano=CCXVI(testNumerosRomanos(int, String))" name="[215] numeroNatural=216, numeroRomano=CCXVI(testNumerosRomanos" time="0"/>
  <testcase classname="[216] numeroNatural=217, numeroRomano=CCXVII(testNumerosRomanos(int, String))" name="[216] numeroNatural=217, numeroRomano=CCXVII(testNumerosRomanos" time="0"/>
  <testcase classname="[217] numeroNatural=218, numeroRomano=CCXVIII(testNumerosRomanos(int, String))" name="[217] numeroNatural=218, numeroRomano=CCXVIII(testNumerosRomanos" time="0.001"/>
  <testcase classname="[218] numeroNatural=219, numeroRomano=CCXIX(testNumerosRomanos(int, String))" name="[218] numeroNatural=219, numeroRomano=CCXIX(testNumerosRomanos" time="0.001"/>
  <testcase classname="[219] numeroNatural=220, numeroRomano=CCXX(testNumerosRomanos(int, String))" name="[219] numeroNatural=220, numeroRomano=CCXX(testNumerosRomanos" time="0.001"/>
  <testcase classname="[220] numeroNatural=221, numeroRomano=CCXXI(testNumerosRomanos(int, String))" name="[220] numeroNatural=221, numeroRomano=CCXXI(testNumerosRomanos" time="0.001"/>
  <testcase classname="[221] numeroNatural=222, numeroRomano=CCXXII(testNumerosRomanos(int, String))" name="[221] numeroNatural=222, numeroRomano=CCXXII(testNumerosRomanos" time="0.001"/>
  <testcase classname="[222] numeroNatural=223, numeroRomano=CCXXIII(testNumerosRomanos(int, String))" name="[222] numeroNatural=223, numeroRomano=CCXXIII(testNumerosRomanos" time="0.001"/>
  <testcase classname="[223] numeroNatural=224, numeroRomano=CCXXIV(testNumerosRomanos(int, String))" name="[223] numeroNatural=224, numeroRomano=CCXXIV(testNumerosRomanos" time="0.001"/>
  <testcase classname="[224] numeroNatural=225, numeroRomano=CCXXV(testNumerosRomanos(int, String))" name="[224] numeroNatural=225, numeroRomano=CCXXV(testNumerosRomanos" time="0"/>
  <testcase classname="[225] numeroNatural=226, numeroRomano=CCXXVI(testNumerosRomanos(int, String))" name="[225] numeroNatural=226, numeroRomano=CCXXVI(testNumerosRomanos" time="0"/>
  <testcase classname="[226] numeroNatural=227, numeroRomano=CCXXVII(testNumerosRomanos(int, String))" name="[226] numeroNatural=227, numeroRomano=CCXXVII(testNumerosRomanos" time="0.001"/>
  <testcase classname="[227] numeroNatural=228, numeroRomano=CCXXVIII(testNumerosRomanos(int, String))" name="[227] numeroNatural=228, numeroRomano=CCXXVIII(testNumerosRomanos" time="0"/>
  <testcase classname="[228] numeroNatural=229, numeroRomano=CCXXIX(testNumerosRomanos(int, String))" name="[228] numeroNatural=229, numeroRomano=CCXXIX(testNumerosRomanos" time="0"/>
  <testcase classname="[229] numeroNatural=230, numeroRomano=CCXXX(testNumerosRomanos(int, String))" name="[229] numeroNatural=230, numeroRomano=CCXXX(testNumerosRomanos" time="0.001"/>
  <testcase classname="[230] numeroNatural=231, numeroRomano=CCXXXI(testNumerosRomanos(int, String))" name="[230] numeroNatural=231, numeroRomano=CCXXXI(testNumerosRomanos" time="0"/>
  <testcase classname="[231] numeroNatural=232, numeroRomano=CCXXXII(testNumerosRomanos(int, String))" name="[231] numeroNatural=232, numeroRomano=CCXXXII(testNumerosRomanos" time="0.001"/>
  <testcase classname="[232] numeroNatural=233, numeroRomano=CCXXXIII(testNumerosRomanos(int, String))" name="[232] numeroNatural=233, numeroRomano=CCXXXIII(testNumerosRomanos" time="0.001"/>
  <testcase classname="[233] numeroNatural=234, numeroRomano=CCXXXIV(testNumerosRomanos(int, String))" name="[233] numeroNatural=234, numeroRomano=CCXXXIV(testNumerosRomanos" time="0"/>
  <testcase classname="[234] numeroNatural=235, numeroRomano=CCXXXV(testNumerosRomanos(int, String))" name="[234] numeroNatural=235, numeroRomano=CCXXXV(testNumerosRomanos" time="0.001"/>
  <testcase classname="[235] numeroNatural=236, numeroRomano=CCXXXVI(testNumerosRomanos(int, String))" name="[235] numeroNatural=236, numeroRomano=CCXXXVI(testNumerosRomanos" time="0"/>
  <testcase classname="[236] numeroNatural=237, numeroRomano=CCXXXVII(testNumerosRomanos(int, String))" name="[236] numeroNatural=237, numeroRomano=CCXXXVII(testNumerosRomanos" time="0.001"/>
  <testcase classname="[237] numeroNatural=238, numeroRomano=CCXXXVIII(testNumerosRomanos(int, String))" name="[237] numeroNatural=238, numeroRomano=CCXXXVIII(testNumerosRomanos" time="0.001"/>
  <testcase classname="[238] numeroNatural=239, numeroRomano=CCXXXIX(testNumerosRomanos(int, String))" name="[238] numeroNatural=239, numeroRomano=CCXXXIX(testNumerosRomanos" time="0"/>
  <testcase classname="[239] numeroNatural=240, numeroRomano=CCXL(testNumerosRomanos(int, String))" name="[239] numeroNatural=240, numeroRomano=CCXL(testNumerosRomanos" time="0.001"/>
  <testcase classname="[240] numeroNatural=241, numeroRomano=CCXLI(testNumerosRomanos(int, String))" name="[240] numeroNatural=241, numeroRomano=CCXLI(testNumerosRomanos" time="0.001"/>
  <testcase classname="[241] numeroNatural=242, numeroRomano=CCXLII(testNumerosRomanos(int, String))" name="[241] numeroNatural=242, numeroRomano=CCXLII(testNumerosRomanos" time="0.001"/>
  <testcase classname="[242] numeroNatural=243, numeroRomano=CCXLIII(testNumerosRomanos(int, String))" name="[242] numeroNatural=243, numeroRomano=CCXLIII(testNumerosRomanos" time="0.001"/>
  <testcase classname="[243] numeroNatural=244, numeroRomano=CCXLIV(testNumerosRomanos(int, String))" name="[243] numeroNatural=244, numeroRomano=CCXLIV(testNumerosRomanos" time="0"/>
  <testcase classname="[244] numeroNatural=245, numeroRomano=CCXLV(testNumerosRomanos(int, String))" name="[244] numeroNatural=245, numeroRomano=CCXLV(testNumerosRomanos" time="0"/>
  <testcase classname="[245] numeroNatural=246, numeroRomano=CCXLVI(testNumerosRomanos(int, String))" name="[245] numeroNatural=246, numeroRomano=CCXLVI(testNumerosRomanos" time="0.001"/>
  <testcase classname="[246] numeroNatural=247, numeroRomano=CCXLVII(testNumerosRomanos(int, String))" name="[246] numeroNatural=247, numeroRomano=CCXLVII(testNumerosRomanos" time="0.001"/>
  <testcase classname="[247] numeroNatural=248, numeroRomano=CCXLVIII(testNumerosRomanos(int, String))" name="[247] numeroNatural=248, numeroRomano=CCXLVIII(testNumerosRomanos" time="0.001"/>
  <testcase classname="[248] numeroNatural=249, numeroRomano=CCXLIX(testNumerosRomanos(int, String))" name="[248] numeroNatural=249, numeroRomano=CCXLIX(testNumerosRomanos" time="0.001"/>
  <testcase classname="[249] numeroNatural=250, numeroRomano=CCL(testNumerosRomanos(int, String))" name="[249] numeroNatural=250, numeroRomano=CCL(testNumerosRomanos" time="0"/>
  <testcase classname="[250] numeroNatural=251, numeroRomano=CCLI(testNumerosRomanos(int, String))" name="[250] numeroNatural=251, numeroRomano=CCLI(testNumerosRomanos" time="0.002"/>
  <testcase classname="[251] numeroNatural=252, numeroRomano=CCLII(testNumerosRomanos(int, String))" name="[251] numeroNatural=252, numeroRomano=CCLII(testNumerosRomanos" time="0"/>
  <testcase classname="[252] numeroNatural=253, numeroRomano=CCLIII(testNumerosRomanos(int, String))" name="[252] numeroNatural=253, numeroRomano=CCLIII(testNumerosRomanos" time="0.001"/>
  <testcase classname="[253] numeroNatural=254, numeroRomano=CCLIV(testNumerosRomanos(int, String))" name="[253] numeroNatural=254, numeroRomano=CCLIV(testNumerosRomanos" time="0.002"/>
  <testcase classname="[254] numeroNatural=255, numeroRomano=CCLV(testNumerosRomanos(int, String))" name="[254] numeroNatural=255, numeroRomano=CCLV(testNumerosRomanos" time="0.006"/>
  <testcase classname="[255] numeroNatural=256, numeroRomano=CCLVI(testNumerosRomanos(int, String))" name="[255] numeroNatural=256, numeroRomano=CCLVI(testNumerosRomanos" time="0.004"/>
  <testcase classname="[256] numeroNatural=257, numeroRomano=CCLVII(testNumerosRomanos(int, String))" name="[256] numeroNatural=257, numeroRomano=CCLVII(testNumerosRomanos" time="0.002"/>
  <testcase classname="[257] numeroNatural=258, numeroRomano=CCLVIII(testNumerosRomanos(int, String))" name="[257] numeroNatural=258, numeroRomano=CCLVIII(testNumerosRomanos" time="0.002"/>
  <testcase classname="[258] numeroNatural=259, numeroRomano=CCLIX(testNumerosRomanos(int, String))" name="[258] numeroNatural=259, numeroRomano=CCLIX(testNumerosRomanos" time="0.005"/>
  <testcase classname="[259] numeroNatural=260, numeroRomano=CCLX(testNumerosRomanos(int, String))" name="[259] numeroNatural=260, numeroRomano=CCLX(testNumerosRomanos" time="0"/>
  <testcase classname="[260] numeroNatural=261, numeroRomano=CCLXI(testNumerosRomanos(int, String))" name="[260] numeroNatural=261, numeroRomano=CCLXI(testNumerosRomanos" time="0.001"/>
  <testcase classname="[261] numeroNatural=262, numeroRomano=CCLXII(testNumerosRomanos(int, String))" name="[261] numeroNatural=262, numeroRomano=CCLXII(testNumerosRomanos" time="0.001"/>
  <testcase classname="[262] numeroNatural=263, numeroRomano=CCLXIII(testNumerosRomanos(int, String))" name="[262] numeroNatural=263, numeroRomano=CCLXIII(testNumerosRomanos" time="0"/>
  <testcase classname="[263] numeroNatural=264, numeroRomano=CCLXIV(testNumerosRomanos(int, String))" name="[263] numeroNatural=264, numeroRomano=CCLXIV(testNumerosRomanos" time="0"/>
  <testcase classname="[264] numeroNatural=265, numeroRomano=CCLXV(testNumerosRomanos(int, String))" name="[264] numeroNatural=265, numeroRomano=CCLXV(testNumerosRomanos" time="0.001"/>
  <testcase classname="[265] numeroNatural=266, numeroRomano=CCLXVI(testNumerosRomanos(int, String))" name="[265] numeroNatural=266, numeroRomano=CCLXVI(testNumerosRomanos" time="0.001"/>
  <testcase classname="[266] numeroNatural=267, numeroRomano=CCLXVII(testNumerosRomanos(int, String))" name="[266] numeroNatural=267, numeroRomano=CCLXVII(testNumerosRomanos" time="0.001"/>
  <testcase classname="[267] numeroNatural=268, numeroRomano=CCLXVIII(testNumerosRomanos(int, String))" name="[267] numeroNatural=268, numeroRomano=CCLXVIII(testNumerosRomanos" time="0.001"/>
  <testcase classname="[268] numeroNatural=269, numeroRomano=CCLXIX(testNumerosRomanos(int, String))" name="[268] numeroNatural=269, numeroRomano=CCLXIX(testNumerosRomanos" time="0"/>
  <testcase classname="[269] numeroNatural=270, numeroRomano=CCLXX(testNumerosRomanos(int, String))" name="[269] numeroNatural=270, numeroRomano=CCLXX(testNumerosRomanos" time="0"/>
  <testcase classname="[270] numeroNatural=271, numeroRomano=CCLXXI(testNumerosRomanos(int, String))" name="[270] numeroNatural=271, numeroRomano=CCLXXI(testNumerosRomanos" time="0"/>
  <testcase classname="[271] numeroNatural=272, numeroRomano=CCLXXII(testNumerosRomanos(int, String))" name="[271] numeroNatural=272, numeroRomano=CCLXXII(testNumerosRomanos" time="0.001"/>
  <testcase classname="[272] numeroNatural=273, numeroRomano=CCLXXIII(testNumerosRomanos(int, String))" name="[272] numeroNatural=273, numeroRomano=CCLXXIII(testNumerosRomanos" time="0"/>
  <testcase classname="[273] numeroNatural=274, numeroRomano=CCLXXIV(testNumerosRomanos(int, String))" name="[273] numeroNatural=274, numeroRomano=CCLXXIV(testNumerosRomanos" time="0"/>
  <testcase classname="[274] numeroNatural=275, numeroRomano=CCLXXV(testNumerosRomanos(int, String))" name="[274] numeroNatural=275, numeroRomano=CCLXXV(testNumerosRomanos" time="0"/>
  <testcase classname="[275] numeroNatural=276, numeroRomano=CCLXXVI(testNumerosRomanos(int, String))" name="[275] numeroNatural=276, numeroRomano=CCLXXVI(testNumerosRomanos" time="0"/>
  <testcase classname="[276] numeroNatural=277, numeroRomano=CCLXXVII(testNumerosRomanos(int, String))" name="[276] numeroNatural=277, numeroRomano=CCLXXVII(testNumerosRomanos" time="0.001"/>
  <testcase classname="[277] numeroNatural=278, numeroRomano=CCLXXVIII(testNumerosRomanos(int, String))" name="[277] numeroNatural=278, numeroRomano=CCLXXVIII(testNumerosRomanos" time="0.001"/>
  <testcase classname="[278] numeroNatural=279, numeroRomano=CCLXXIX(testNumerosRomanos(int, String))" name="[278] numeroNatural=279, numeroRomano=CCLXXIX(testNumerosRomanos" time="0.001"/>
  <testcase classname="[279] numeroNatural=280, numeroRomano=CCLXXX(testNumerosRomanos(int, String))" name="[279] numeroNatural=280, numeroRomano=CCLXXX(testNumerosRomanos" time="0"/>
  <testcase classname="[280] numeroNatural=281, numeroRomano=CCLXXXI(testNumerosRomanos(int, String))" name="[280] numeroNatural=281, numeroRomano=CCLXXXI(testNumerosRomanos" time="0.001"/>
  <testcase classname="[281] numeroNatural=282, numeroRomano=CCLXXXII(testNumerosRomanos(int, String))" name="[281] numeroNatural=282, numeroRomano=CCLXXXII(testNumerosRomanos" time="0.001"/>
  <testcase classname="[282] numeroNatural=283, numeroRomano=CCLXXXIII(testNumerosRomanos(int, String))" name="[282] numeroNatural=283, numeroRomano=CCLXXXIII(testNumerosRomanos" time="0"/>
  <testcase classname="[283] numeroNatural=284, numeroRomano=CCLXXXIV(testNumerosRomanos(int, String))" name="[283] numeroNatural=284, numeroRomano=CCLXXXIV(testNumerosRomanos" time="0"/>
  <testcase classname="[284] numeroNatural=285, numeroRomano=CCLXXXV(testNumerosRomanos(int, String))" name="[284] numeroNatural=285, numeroRomano=CCLXXXV(testNumerosRomanos" time="0"/>
  <testcase classname="[285] numeroNatural=286, numeroRomano=CCLXXXVI(testNumerosRomanos(int, String))" name="[285] numeroNatural=286, numeroRomano=CCLXXXVI(testNumerosRomanos" time="0.002"/>
  <testcase classname="[286] numeroNatural=287, numeroRomano=CCLXXXVII(testNumerosRomanos(int, String))" name="[286] numeroNatural=287, numeroRomano=CCLXXXVII(testNumerosRomanos" time="0.001"/>
  <testcase classname="[287] numeroNatural=288, numeroRomano=CCLXXXVIII(testNumerosRomanos(int, String))" name="[287] numeroNatural=288, numeroRomano=CCLXXXVIII(testNumerosRomanos" time="0"/>
  <testcase classname="[288] numeroNatural=289, numeroRomano=CCLXXXIX(testNumerosRomanos(int, String))" name="[288] numeroNatural=289, numeroRomano=CCLXXXIX(testNumerosRomanos" time="0.001"/>
  <testcase classname="[289] numeroNatural=290, numeroRomano=CCXC(testNumerosRomanos(int, String))" name="[289] numeroNatural=290, numeroRomano=CCXC(testNumerosRomanos" time="0"/>
  <testcase classname="[290] numeroNatural=291, numeroRomano=CCXCI(testNumerosRomanos(int, String))" name="[290] numeroNatural=291, numeroRomano=CCXCI(testNumerosRomanos" time="0.004"/>
  <testcase classname="[291] numeroNatural=292, numeroRomano=CCXCII(testNumerosRomanos(int, String))" name="[291] numeroNatural=292, numeroRomano=CCXCII(testNumerosRomanos" time="0.001"/>
  <testcase classname="[292] numeroNatural=293, numeroRomano=CCXCIII(testNumerosRomanos(int, String))" name="[292] numeroNatural=293, numeroRomano=CCXCIII(testNumerosRomanos" time="0.001"/>
  <testcase classname="[293] numeroNatural=294, numeroRomano=CCXCIV(testNumerosRomanos(int, String))" name="[293] numeroNatural=294, numeroRomano=CCXCIV(testNumerosRomanos" time="0.001"/>
  <testcase classname="[294] numeroNatural=295, numeroRomano=CCXCV(testNumerosRomanos(int, String))" name="[294] numeroNatural=295, numeroRomano=CCXCV(testNumerosRomanos" time="0.001"/>
  <testcase classname="[295] numeroNatural=296, numeroRomano=CCXCVI(testNumerosRomanos(int, String))" name="[295] numeroNatural=296, numeroRomano=CCXCVI(testNumerosRomanos" time="0.001"/>
  <testcase classname="[296] numeroNatural=297, numeroRomano=CCXCVII(testNumerosRomanos(int, String))" name="[296] numeroNatural=297, numeroRomano=CCXCVII(testNumerosRomanos" time="0.001"/>
  <testcase classname="[297] numeroNatural=298, numeroRomano=CCXCVIII(testNumerosRomanos(int, String))" name="[297] numeroNatural=298, numeroRomano=CCXCVIII(testNumerosRomanos" time="0"/>
  <testcase classname="[298] numeroNatural=299, numeroRomano=CCXCIX(testNumerosRomanos(int, String))" name="[298] numeroNatural=299, numeroRomano=CCXCIX(testNumerosRomanos" time="0"/>
  <testcase classname="[299] numeroNatural=300, numeroRomano=CCC(testNumerosRomanos(int, String))" name="[299] numeroNatural=300, numeroRomano=CCC(testNumerosRomanos" time="0.002"/>
  <testcase classname="[300] numeroNatural=301, numeroRomano=CCCI(testNumerosRomanos(int, String))" name="[300] numeroNatural=301, numeroRomano=CCCI(testNumerosRomanos" time="0.001"/>
  <testcase classname="[301] numeroNatural=302, numeroRomano=CCCII(testNumerosRomanos(int, String))" name="[301] numeroNatural=302, numeroRomano=CCCII(testNumerosRomanos" time="0"/>
  <testcase classname="[302] numeroNatural=303, numeroRomano=CCCIII(testNumerosRomanos(int, String))" name="[302] numeroNatural=303, numeroRomano=CCCIII(testNumerosRomanos" time="0"/>
  <testcase classname="[303] numeroNatural=304, numeroRomano=CCCIV(testNumerosRomanos(int, String))" name="[303] numeroNatural=304, numeroRomano=CCCIV(testNumerosRomanos" time="0"/>
  <testcase classname="[304] numeroNatural=305, numeroRomano=CCCV(testNumerosRomanos(int, String))" name="[304] numeroNatural=305, numeroRomano=CCCV(testNumerosRomanos" time="0"/>
  <testcase classname="[305] numeroNatural=306, numeroRomano=CCCVI(testNumerosRomanos(int, String))" name="[305] numeroNatural=306, numeroRomano=CCCVI(testNumerosRomanos" time="0.001"/>
  <testcase classname="[306] numeroNatural=307, numeroRomano=CCCVII(testNumerosRomanos(int, String))" name="[306] numeroNatural=307, numeroRomano=CCCVII(testNumerosRomanos" time="0.001"/>
  <testcase classname="[307] numeroNatural=308, numeroRomano=CCCVIII(testNumerosRomanos(int, String))" name="[307] numeroNatural=308, numeroRomano=CCCVIII(testNumerosRomanos" time="0.001"/>
  <testcase classname="[308] numeroNatural=309, numeroRomano=CCCIX(testNumerosRomanos(int, String))" name="[308] numeroNatural=309, numeroRomano=CCCIX(testNumerosRomanos" time="0.001"/>
  <testcase classname="[309] numeroNatural=310, numeroRomano=CCCX(testNumerosRomanos(int, String))" name="[309] numeroNatural=310, numeroRomano=CCCX(testNumerosRomanos" time="0.001"/>
  <testcase classname="[310] numeroNatural=311, numeroRomano=CCCXI(testNumerosRomanos(int, String))" name="[310] numeroNatural=311, numeroRomano=CCCXI(testNumerosRomanos" time="0.001"/>
  <testcase classname="[311] numeroNatural=312, numeroRomano=CCCXII(testNumerosRomanos(int, String))" name="[311] numeroNatural=312, numeroRomano=CCCXII(testNumerosRomanos" time="0"/>
  <testcase classname="[312] numeroNatural=313, numeroRomano=CCCXIII(testNumerosRomanos(int, String))" name="[312] numeroNatural=313, numeroRomano=CCCXIII(testNumerosRomanos" time="0.001"/>
  <testcase classname="[313] numeroNatural=314, numeroRomano=CCCXIV(testNumerosRomanos(int, String))" name="[313] numeroNatural=314, numeroRomano=CCCXIV(testNumerosRomanos" time="0.001"/>
  <testcase classname="[314] numeroNatural=315, numeroRomano=CCCXV(testNumerosRomanos(int, String))" name="[314] numeroNatural=315, numeroRomano=CCCXV(testNumerosRomanos" time="0.004"/>
  <testcase classname="[315] numeroNatural=316, numeroRomano=CCCXVI(testNumerosRomanos(int, String))" name="[315] numeroNatural=316, numeroRomano=CCCXVI(testNumerosRomanos" time="0"/>
  <testcase classname="[316] numeroNatural=317, numeroRomano=CCCXVII(testNumerosRomanos(int, String))" name="[316] numeroNatural=317, numeroRomano=CCCXVII(testNumerosRomanos" time="0"/>
  <testcase classname="[317] numeroNatural=318, numeroRomano=CCCXVIII(testNumerosRomanos(int, String))" name="[317] numeroNatural=318, numeroRomano=CCCXVIII(testNumerosRomanos" time="0.001"/>
  <testcase classname="[318] numeroNatural=319, numeroRomano=CCCXIX(testNumerosRomanos(int, String))" name="[318] numeroNatural=319, numeroRomano=CCCXIX(testNumerosRomanos" time="0.001"/>
  <testcase classname="[319] numeroNatural=320, numeroRomano=CCCXX(testNumerosRomanos(int, String))" name="[319] numeroNatural=320, numeroRomano=CCCXX(testNumerosRomanos" time="0"/>
  <testcase classname="[320] numeroNatural=321, numeroRomano=CCCXXI(testNumerosRomanos(int, String))" name="[320] numeroNatural=321, numeroRomano=CCCXXI(testNumerosRomanos" time="0"/>
  <testcase classname="[321] numeroNatural=322, numeroRomano=CCCXXII(testNumerosRomanos(int, String))" name="[321] numeroNatural=322, numeroRomano=CCCXXII(testNumerosRomanos" time="0.004"/>
  <testcase classname="[322] numeroNatural=323, numeroRomano=CCCXXIII(testNumerosRomanos(int, String))" name="[322] numeroNatural=323, numeroRomano=CCCXXIII(testNumerosRomanos" time="0"/>
  <testcase classname="[323] numeroNatural=324, numeroRomano=CCCXXIV(testNumerosRomanos(int, String))" name="[323] numeroNatural=324, numeroRomano=CCCXXIV(testNumerosRomanos" time="0.004"/>
  <testcase classname="[324] numeroNatural=325, numeroRomano=CCCXXV(testNumerosRomanos(int, String))" name="[324] numeroNatural=325, numeroRomano=CCCXXV(testNumerosRomanos" time="0"/>
  <testcase classname="[325] numeroNatural=326, numeroRomano=CCCXXVI(testNumerosRomanos(int, String))" name="[325] numeroNatural=326, numeroRomano=CCCXXVI(testNumerosRomanos" time="0.001"/>
  <testcase classname="[326] numeroNatural=327, numeroRomano=CCCXXVII(testNumerosRomanos(int, String))" name="[326] numeroNatural=327, numeroRomano=CCCXXVII(testNumerosRomanos" time="0.001"/>
  <testcase classname="[327] numeroNatural=328, numeroRomano=CCCXXVIII(testNumerosRomanos(int, String))" name="[327] numeroNatural=328, numeroRomano=CCCXXVIII(testNumerosRomanos" time="0.003"/>
  <testcase classname="[328] numeroNatural=329, numeroRomano=CCCXXIX(testNumerosRomanos(int, String))" name="[328] numeroNatural=329, numeroRomano=CCCXXIX(testNumerosRomanos" time="0.001"/>
  <testcase classname="[329] numeroNatural=330, numeroRomano=CCCXXX(testNumerosRomanos(int, String))" name="[329] numeroNatural=330, numeroRomano=CCCXXX(testNumerosRomanos" time="0.001"/>
  <testcase classname="[330] numeroNatural=331, numeroRomano=CCCXXXI(testNumerosRomanos(int, String))" name="[330] numeroNatural=331, numeroRomano=CCCXXXI(testNumerosRomanos" time="0"/>
  <testcase classname="[331] numeroNatural=332, numeroRomano=CCCXXXII(testNumerosRomanos(int, String))" name="[331] numeroNatural=332, numeroRomano=CCCXXXII(testNumerosRomanos" time="0"/>
  <testcase classname="[332] numeroNatural=333, numeroRomano=CCCXXXIII(testNumerosRomanos(int, String))" name="[332] numeroNatural=333, numeroRomano=CCCXXXIII(testNumerosRomanos" time="0.001"/>
  <testcase classname="[333] numeroNatural=334, numeroRomano=CCCXXXIV(testNumerosRomanos(int, String))" name="[333] numeroNatural=334, numeroRomano=CCCXXXIV(testNumerosRomanos" time="0.001"/>
  <testcase classname="[334] numeroNatural=335, numeroRomano=CCCXXXV(testNumerosRomanos(int, String))" name="[334] numeroNatural=335, numeroRomano=CCCXXXV(testNumerosRomanos" time="0"/>
  <testcase classname="[335] numeroNatural=336, numeroRomano=CCCXXXVI(testNumerosRomanos(int, String))" name="[335] numeroNatural=336, numeroRomano=CCCXXXVI(testNumerosRomanos" time="0.001"/>
  <testcase classname="[336] numeroNatural=337, numeroRomano=CCCXXXVII(testNumerosRomanos(int, String))" name="[336] numeroNatural=337, numeroRomano=CCCXXXVII(testNumerosRomanos" time="0.001"/>
  <testcase classname="[337] numeroNatural=338, numeroRomano=CCCXXXVIII(testNumerosRomanos(int, String))" name="[337] numeroNatural=338, numeroRomano=CCCXXXVIII(testNumerosRomanos" time="0.001"/>
  <testcase classname="[338] numeroNatural=339, numeroRomano=CCCXXXIX(testNumerosRomanos(int, String))" name="[338] numeroNatural=339, numeroRomano=CCCXXXIX(testNumerosRomanos" time="0.001"/>
  <testcase classname="[339] numeroNatural=340, numeroRomano=CCCXL(testNumerosRomanos(int, String))" name="[339] numeroNatural=340, numeroRomano=CCCXL(testNumerosRomanos" time="0"/>
  <testcase classname="[340] numeroNatural=341, numeroRomano=CCCXLI(testNumerosRomanos(int, String))" name="[340] numeroNatural=341, numeroRomano=CCCXLI(testNumerosRomanos" time="0.001"/>
  <testcase classname="[341] numeroNatural=342, numeroRomano=CCCXLII(testNumerosRomanos(int, String))" name="[341] numeroNatural=342, numeroRomano=CCCXLII(testNumerosRomanos" time="0.001"/>
  <testcase classname="[342] numeroNatural=343, numeroRomano=CCCXLIII(testNumerosRomanos(int, String))" name="[342] numeroNatural=343, numeroRomano=CCCXLIII(testNumerosRomanos" time="0.001"/>
  <testcase classname="[343] numeroNatural=344, numeroRomano=CCCXLIV(testNumerosRomanos(int, String))" name="[343] numeroNatural=344, numeroRomano=CCCXLIV(testNumerosRomanos" time="0.001"/>
  <testcase classname="[344] numeroNatural=345, numeroRomano=CCCXLV(testNumerosRomanos(int, String))" name="[344] numeroNatural=345, numeroRomano=CCCXLV(testNumerosRomanos" time="0"/>
  <testcase classname="[345] numeroNatural=346, numeroRomano=CCCXLVI(testNumerosRomanos(int, String))" name="[345] numeroNatural=346, numeroRomano=CCCXLVI(testNumerosRomanos" time="0.001"/>
  <testcase classname="[346] numeroNatural=347, numeroRomano=CCCXLVII(testNumerosRomanos(int, String))" name="[346] numeroNatural=347, numeroRomano=CCCXLVII(testNumerosRomanos" time="0.001"/>
  <testcase classname="[347] numeroNatural=348, numeroRomano=CCCXLVIII(testNumerosRomanos(int, String))" name="[347] numeroNatural=348, numeroRomano=CCCXLVIII(testNumerosRomanos" time="0.001"/>
  <testcase classname="[348] numeroNatural=349, numeroRomano=CCCXLIX(testNumerosRomanos(int, String))" name="[348] numeroNatural=349, numeroRomano=CCCXLIX(testNumerosRomanos" time="0.001"/>
  <testcase classname="[349] numeroNatural=350, numeroRomano=CCCL(testNumerosRomanos(int, String))" name="[349] numeroNatural=350, numeroRomano=CCCL(testNumerosRomanos" time="0"/>
  <testcase classname="[350] numeroNatural=351, numeroRomano=CCCLI(testNumerosRomanos(int, String))" name="[350] numeroNatural=351, numeroRomano=CCCLI(testNumerosRomanos" time="0.001"/>
  <testcase classname="[351] numeroNatural=352, numeroRomano=CCCLII(testNumerosRomanos(int, String))" name="[351] numeroNatural=352, numeroRomano=CCCLII(testNumerosRomanos" time="0.001"/>
  <testcase classname="[352] numeroNatural=353, numeroRomano=CCCLIII(testNumerosRomanos(int, String))" name="[352] numeroNatural=353, numeroRomano=CCCLIII(testNumerosRomanos" time="0.001"/>
  <testcase classname="[353] numeroNatural=354, numeroRomano=CCCLIV(testNumerosRomanos(int, String))" name="[353] numeroNatural=354, numeroRomano=CCCLIV(testNumerosRomanos" time="0.001"/>
  <testcase classname="[354] numeroNatural=355, numeroRomano=CCCLV(testNumerosRomanos(int, String))" name="[354] numeroNatural=355, numeroRomano=CCCLV(testNumerosRomanos" time="0"/>
  <testcase classname="[355] numeroNatural=356, numeroRomano=CCCLVI(testNumerosRomanos(int, String))" name="[355] numeroNatural=356, numeroRomano=CCCLVI(testNumerosRomanos" time="0"/>
  <testcase classname="[356] numeroNatural=357, numeroRomano=CCCLVII(testNumerosRomanos(int, String))" name="[356] numeroNatural=357, numeroRomano=CCCLVII(testNumerosRomanos" time="0.001"/>
  <testcase classname="[357] numeroNatural=358, numeroRomano=CCCLVIII(testNumerosRomanos(int, String))" name="[357] numeroNatural=358, numeroRomano=CCCLVIII(testNumerosRomanos" time="0"/>
  <testcase classname="[358] numeroNatural=359, numeroRomano=CCCLIX(testNumerosRomanos(int, String))" name="[358] numeroNatural=359, numeroRomano=CCCLIX(testNumerosRomanos" time="0.001"/>
  <testcase classname="[359] numeroNatural=360, numeroRomano=CCCLX(testNumerosRomanos(int, String))" name="[359] numeroNatural=360, numeroRomano=CCCLX(testNumerosRomanos" time="0.001"/>
  <testcase classname="[360] numeroNatural=361, numeroRomano=CCCLXI(testNumerosRomanos(int, String))" name="[360] numeroNatural=361, numeroRomano=CCCLXI(testNumerosRomanos" time="0.001"/>
  <testcase classname="[361] numeroNatural=362, numeroRomano=CCCLXII(testNumerosRomanos(int, String))" name="[361] numeroNatural=362, numeroRomano=CCCLXII(testNumerosRomanos" time="0.001"/>
  <testcase classname="[362] numeroNatural=363, numeroRomano=CCCLXIII(testNumerosRomanos(int, String))" name="[362] numeroNatural=363, numeroRomano=CCCLXIII(testNumerosRomanos" time="0.001"/>
  <testcase classname="[363] numeroNatural=364, numeroRomano=CCCLXIV(testNumerosRomanos(int, String))" name="[363] numeroNatural=364, numeroRomano=CCCLXIV(testNumerosRomanos" time="0.001"/>
  <testcase classname="[364] numeroNatural=365, numeroRomano=CCCLXV(testNumerosRomanos(int, String))" name="[364] numeroNatural=365, numeroRomano=CCCLXV(testNumerosRomanos" time="0.001"/>
  <testcase classname="[365] numeroNatural=366, numeroRomano=CCCLXVI(testNumerosRomanos(int, String))" name="[365] numeroNatural=366, numeroRomano=CCCLXVI(testNumerosRomanos" time="0.001"/>
  <testcase classname="[366] numeroNatural=367, numeroRomano=CCCLXVII(testNumerosRomanos(int, String))" name="[366] numeroNatural=367, numeroRomano=CCCLXVII(testNumerosRomanos" time="0"/>
  <testcase classname="[367] numeroNatural=368, numeroRomano=CCCLXVIII(testNumerosRomanos(int, String))" name="[367] numeroNatural=368, numeroRomano=CCCLXVIII(testNumerosRomanos" time="0.001"/>
  <testcase classname="[368] numeroNatural=369, numeroRomano=CCCLXIX(testNumerosRomanos(int, String))" name="[368] numeroNatural=369, numeroRomano=CCCLXIX(testNumerosRomanos" time="0.001"/>
  <testcase classname="[369] numeroNatural=370, numeroRomano=CCCLXX(testNumerosRomanos(int, String))" name="[369] numeroNatural=370, numeroRomano=CCCLXX(testNumerosRomanos" time="0"/>
  <testcase classname="[370] numeroNatural=371, numeroRomano=CCCLXXI(testNumerosRomanos(int, String))" name="[370] numeroNatural=371, numeroRomano=CCCLXXI(testNumerosRomanos" time="0.001"/>
  <testcase classname="[371] numeroNatural=372, numeroRomano=CCCLXXII(testNumerosRomanos(int, String))" name="[371] numeroNatural=372, numeroRomano=CCCLXXII(testNumerosRomanos" time="0"/>
  <testcase classname="[372] numeroNatural=373, numeroRomano=CCCLXXIII(testNumerosRomanos(int, String))" name="[372] numeroNatural=373, numeroRomano=CCCLXXIII(testNumerosRomanos" time="0.001"/>
  <testcase classname="[373] numeroNatural=374, numeroRomano=CCCLXXIV(testNumerosRomanos(int, String))" name="[373] numeroNatural=374, numeroRomano=CCCLXXIV(testNumerosRomanos" time="0"/>
  <testcase classname="[374] numeroNatural=375, numeroRomano=CCCLXXV(testNumerosRomanos(int, String))" name="[374] numeroNatural=375, numeroRomano=CCCLXXV(testNumerosRomanos" time="0"/>
  <testcase classname="[375] numeroNatural=376, numeroRomano=CCCLXXVI(testNumerosRomanos(int, String))" name="[375] numeroNatural=376, numeroRomano=CCCLXXVI(testNumerosRomanos" time="0"/>
  <testcase classname="[376] numeroNatural=377, numeroRomano=CCCLXXVII(testNumerosRomanos(int, String))" name="[376] numeroNatural=377, numeroRomano=CCCLXXVII(testNumerosRomanos" time="0.001"/>
  <testcase classname="[377] numeroNatural=378, numeroRomano=CCCLXXVIII(testNumerosRomanos(int, String))" name="[377] numeroNatural=378, numeroRomano=CCCLXXVIII(testNumerosRomanos" time="0"/>
  <testcase classname="[378] numeroNatural=379, numeroRomano=CCCLXXIX(testNumerosRomanos(int, String))" name="[378] numeroNatural=379, numeroRomano=CCCLXXIX(testNumerosRomanos" time="0.001"/>
  <testcase classname="[379] numeroNatural=380, numeroRomano=CCCLXXX(testNumerosRomanos(int, String))" name="[379] numeroNatural=380, numeroRomano=CCCLXXX(testNumerosRomanos" time="0.002"/>
  <testcase classname="[380] numeroNatural=381, numeroRomano=CCCLXXXI(testNumerosRomanos(int, String))" name="[380] numeroNatural=381, numeroRomano=CCCLXXXI(testNumerosRomanos" time="0.005"/>
  <testcase classname="[381] numeroNatural=382, numeroRomano=CCCLXXXII(testNumerosRomanos(int, String))" name="[381] numeroNatural=382, numeroRomano=CCCLXXXII(testNumerosRomanos" time="0.001"/>
  <testcase classname="[382] numeroNatural=383, numeroRomano=CCCLXXXIII(testNumerosRomanos(int, String))" name="[382] numeroNatural=383, numeroRomano=CCCLXXXIII(testNumerosRomanos" time="0"/>
  <testcase classname="[383] numeroNatural=384, numeroRomano=CCCLXXXIV(testNumerosRomanos(int, String))" name="[383] numeroNatural=384, numeroRomano=CCCLXXXIV(testNumerosRomanos" time="0.001"/>
  <testcase classname="[384] numeroNatural=385, numeroRomano=CCCLXXXV(testNumerosRomanos(int, String))" name="[384] numeroNatural=385, numeroRomano=CCCLXXXV(testNumerosRomanos" time="0.001"/>
  <testcase classname="[385] numeroNatural=386, numeroRomano=CCCLXXXVI(testNumerosRomanos(int, String))" name="[385] numeroNatural=386, numeroRomano=CCCLXXXVI(testNumerosRomanos" time="0.001"/>
  <testcase classname="[386] numeroNatural=387, numeroRomano=CCCLXXXVII(testNumerosRomanos(int, String))" name="[386] numeroNatural=387, numeroRomano=CCCLXXXVII(testNumerosRomanos" time="0.001"/>
  <testcase classname="[387] numeroNatural=388, numeroRomano=CCCLXXXVIII(testNumerosRomanos(int, String))" name="[387] numeroNatural=388, numeroRomano=CCCLXXXVIII(testNumerosRomanos" time="0.001"/>
  <testcase classname="[388] numeroNatural=389, numeroRomano=CCCLXXXIX(testNumerosRomanos(int, String))" name="[388] numeroNatural=389, numeroRomano=CCCLXXXIX(testNumerosRomanos" time="0.001"/>
  <testcase classname="[389] numeroNatural=390, numeroRomano=CCCXC(testNumerosRomanos(int, String))" name="[389] numeroNatural=390, numeroRomano=CCCXC(testNumerosRomanos" time="0.004"/>
  <testcase classname="[390] numeroNatural=391, numeroRomano=CCCXCI(testNumerosRomanos(int, String))" name="[390] numeroNatural=391, numeroRomano=CCCXCI(testNumerosRomanos" time="0"/>
  <testcase classname="[391] numeroNatural=392, numeroRomano=CCCXCII(testNumerosRomanos(int, String))" name="[391] numeroNatural=392, numeroRomano=CCCXCII(testNumerosRomanos" time="0.002"/>
  <testcase classname="[392] numeroNatural=393, numeroRomano=CCCXCIII(testNumerosRomanos(int, String))" name="[392] numeroNatural=393, numeroRomano=CCCXCIII(testNumerosRomanos" time="0.001"/>
  <testcase classname="[393] numeroNatural=394, numeroRomano=CCCXCIV(testNumerosRomanos(int, String))" name="[393] numeroNatural=394, numeroRomano=CCCXCIV(testNumerosRomanos" time="0.001"/>
  <testcase classname="[394] numeroNatural=395, numeroRomano=CCCXCV(testNumerosRomanos(int, String))" name="[394] numeroNatural=395, numeroRomano=CCCXCV(testNumerosRomanos" time="0.001"/>
  <testcase classname="[395] numeroNatural=396, numeroRomano=CCCXCVI(testNumerosRomanos(int, String))" name="[395] numeroNatural=396, numeroRomano=CCCXCVI(testNumerosRomanos" time="0.001"/>
  <testcase classname="[396] numeroNatural=397, numeroRomano=CCCXCVII(testNumerosRomanos(int, String))" name="[396] numeroNatural=397, numeroRomano=CCCXCVII(testNumerosRomanos" time="0"/>
  <testcase classname="[397] numeroNatural=398, numeroRomano=CCCXCVIII(testNumerosRomanos(int, String))" name="[397] numeroNatural=398, numeroRomano=CCCXCVIII(testNumerosRomanos" time="0"/>
  <testcase classname="[398] numeroNatural=399, numeroRomano=CCCXCIX(testNumerosRomanos(int, String))" name="[398] numeroNatural=399, numeroRomano=CCCXCIX(testNumerosRomanos" time="0"/>
  <testcase classname="[399] numeroNatural=400, numeroRomano=CD(testNumerosRomanos(int, String))" name="[399] numeroNatural=400, numeroRomano=CD(testNumerosRomanos" time="0.001"/>
  <testcase classname="[400] numeroNatural=401, numeroRomano=CDI(testNumerosRomanos(int, String))" name="[400] numeroNatural=401, numeroRomano=CDI(testNumerosRomanos" time="0.002"/>
  <testcase classname="[401] numeroNatural=402, numeroRomano=CDII(testNumerosRomanos(int, String))" name="[401] numeroNatural=402, numeroRomano=CDII(testNumerosRomanos" time="0.001"/>
  <testcase classname="[402] numeroNatural=403, numeroRomano=CDIII(testNumerosRomanos(int, String))" name="[402] numeroNatural=403, numeroRomano=CDIII(testNumerosRomanos" time="0.001"/>
  <testcase classname="[403] numeroNatural=404, numeroRomano=CDIV(testNumerosRomanos(int, String))" name="[403] numeroNatural=404, numeroRomano=CDIV(testNumerosRomanos" time="0.003"/>
  <testcase classname="[404] numeroNatural=405, numeroRomano=CDV(testNumerosRomanos(int, String))" name="[404] numeroNatural=405, numeroRomano=CDV(testNumerosRomanos" time="0.001"/>
  <testcase classname="[405] numeroNatural=406, numeroRomano=CDVI(testNumerosRomanos(int, String))" name="[405] numeroNatural=406, numeroRomano=CDVI(testNumerosRomanos" time="0"/>
  <testcase classname="[406] numeroNatural=407, numeroRomano=CDVII(testNumerosRomanos(int, String))" name="[406] numeroNatural=407, numeroRomano=CDVII(testNumerosRomanos" time="0.001"/>
  <testcase classname="[407] numeroNatural=408, numeroRomano=CDVIII(testNumerosRomanos(int, String))" name="[407] numeroNatural=408, numeroRomano=CDVIII(testNumerosRomanos" time="0.001"/>
  <testcase classname="[408] numeroNatural=409, numeroRomano=CDIX(testNumerosRomanos(int, String))" name="[408] numeroNatural=409, numeroRomano=CDIX(testNumerosRomanos" time="0.001"/>
  <testcase classname="[409] numeroNatural=410, numeroRomano=CDX(testNumerosRomanos(int, String))" name="[409] numeroNatural=410, numeroRomano=CDX(testNumerosRomanos" time="0.001"/>
  <testcase classname="[410] numeroNatural=411, numeroRomano=CDXI(testNumerosRomanos(int, String))" name="[410] numeroNatural=411, numeroRomano=CDXI(testNumerosRomanos" time="0.002"/>
  <testcase classname="[411] numeroNatural=412, numeroRomano=CDXII(testNumerosRomanos(int, String))" name="[411] numeroNatural=412, numeroRomano=CDXII(testNumerosRomanos" time="0"/>
  <testcase classname="[412] numeroNatural=413, numeroRomano=CDXIII(testNumerosRomanos(int, String))" name="[412] numeroNatural=413, numeroRomano=CDXIII(testNumerosRomanos" time="0"/>
  <testcase classname="[413] numeroNatural=414, numeroRomano=CDXIV(testNumerosRomanos(int, String))" name="[413] numeroNatural=414, numeroRomano=CDXIV(testNumerosRomanos" time="0.001"/>
  <testcase classname="[414] numeroNatural=415, numeroRomano=CDXV(testNumerosRomanos(int, String))" name="[414] numeroNatural=415, numeroRomano=CDXV(testNumerosRomanos" time="0"/>
  <testcase classname="[415] numeroNatural=416, numeroRomano=CDXVI(testNumerosRomanos(int, String))" name="[415] numeroNatural=416, numeroRomano=CDXVI(testNumerosRomanos" time="0.001"/>
  <testcase classname="[416] numeroNatural=417, numeroRomano=CDXVII(testNumerosRomanos(int, String))" name="[416] numeroNatural=417, numeroRomano=CDXVII(testNumerosRomanos" time="0.001"/>
  <testcase classname="[417] numeroNatural=418, numeroRomano=CDXVIII(testNumerosRomanos(int, String))" name="[417] numeroNatural=418, numeroRomano=CDXVIII(testNumerosRomanos" time="0.003"/>
  <testcase classname="[418] numeroNatural=419, numeroRomano=CDXIX(testNumerosRomanos(int, String))" name="[418] numeroNatural=419, numeroRomano=CDXIX(testNumerosRomanos" time="0"/>
  <testcase classname="[419] numeroNatural=420, numeroRomano=CDXX(testNumerosRomanos(int, String))" name="[419] numeroNatural=420, numeroRomano=CDXX(testNumerosRomanos" time="0"/>
  <testcase classname="[420] numeroNatural=421, numeroRomano=CDXXI(testNumerosRomanos(int, String))" name="[420] numeroNatural=421, numeroRomano=CDXXI(testNumerosRomanos" time="0.001"/>
  <testcase classname="[421] numeroNatural=422, numeroRomano=CDXXII(testNumerosRomanos(int, String))" name="[421] numeroNatural=422, numeroRomano=CDXXII(testNumerosRomanos" time="0.001"/>
  <testcase classname="[422] numeroNatural=423, numeroRomano=CDXXIII(testNumerosRomanos(int, String))" name="[422] numeroNatural=423, numeroRomano=CDXXIII(testNumerosRomanos" time="0.001"/>
  <testcase classname="[423] numeroNatural=424, numeroRomano=CDXXIV(testNumerosRomanos(int, String))" name="[423] numeroNatural=424, numeroRomano=CDXXIV(testNumerosRomanos" time="0.001"/>
  <testcase classname="[424] numeroNatural=425, numeroRomano=CDXXV(testNumerosRomanos(int, String))" name="[424] numeroNatural=425, numeroRomano=CDXXV(testNumerosRomanos" time="0.001"/>
  <testcase classname="[425] numeroNatural=426, numeroRomano=CDXXVI(testNumerosRomanos(int, String))" name="[425] numeroNatural=426, numeroRomano=CDXXVI(testNumerosRomanos" time="0"/>
  <testcase classname="[426] numeroNatural=427, numeroRomano=CDXXVII(testNumerosRomanos(int, String))" name="[426] numeroNatural=427, numeroRomano=CDXXVII(testNumerosRomanos" time="0"/>
  <testcase classname="[427] numeroNatural=428, numeroRomano=CDXXVIII(testNumerosRomanos(int, String))" name="[427] numeroNatural=428, numeroRomano=CDXXVIII(testNumerosRomanos" time="0.001"/>
  <testcase classname="[428] numeroNatural=429, numeroRomano=CDXXIX(testNumerosRomanos(int, String))" name="[428] numeroNatural=429, numeroRomano=CDXXIX(testNumerosRomanos" time="0.001"/>
  <testcase classname="[429] numeroNatural=430, numeroRomano=CDXXX(testNumerosRomanos(int, String))" name="[429] numeroNatural=430, numeroRomano=CDXXX(testNumerosRomanos" time="0.001"/>
  <testcase classname="[430] numeroNatural=431, numeroRomano=CDXXXI(testNumerosRomanos(int, String))" name="[430] numeroNatural=431, numeroRomano=CDXXXI(testNumerosRomanos" time="0.001"/>
[...]
  <testcase classname="[893] numeroNatural=894, numeroRomano=DCCCXCIV(testNumerosRomanos(int, String))" name="[893] numeroNatural=894, numeroRomano=DCCCXCIV(testNumerosRomanos" time="0.001"/>
  <testcase classname="[894] numeroNatural=895, numeroRomano=DCCCXCV(testNumerosRomanos(int, String))" name="[894] numeroNatural=895, numeroRomano=DCCCXCV(testNumerosRomanos" time="0"/>
  <testcase classname="[895] numeroNatural=896, numeroRomano=DCCCXCVI(testNumerosRomanos(int, String))" name="[895] numeroNatural=896, numeroRomano=DCCCXCVI(testNumerosRomanos" time="0"/>
  <testcase classname="[896] numeroNatural=897, numeroRomano=DCCCXCVII(testNumerosRomanos(int, String))" name="[896] numeroNatural=897, numeroRomano=DCCCXCVII(testNumerosRomanos" time="0"/>
  <testcase classname="[897] numeroNatural=898, numeroRomano=DCCCXCVIII(testNumerosRomanos(int, String))" name="[897] numeroNatural=898, numeroRomano=DCCCXCVIII(testNumerosRomanos" time="0.001"/>
  <testcase classname="[898] numeroNatural=899, numeroRomano=DCCCXCIX(testNumerosRomanos(int, String))" name="[898] numeroNatural=899, numeroRomano=DCCCXCIX(testNumerosRomanos" time="0.002"/>
  <testcase classname="[899] numeroNatural=900, numeroRomano=CM(testNumerosRomanos(int, String))" name="[899] numeroNatural=900, numeroRomano=CM(testNumerosRomanos" time="0.002"/>
  <testcase classname="[900] numeroNatural=901, numeroRomano=CMI(testNumerosRomanos(int, String))" name="[900] numeroNatural=901, numeroRomano=CMI(testNumerosRomanos" time="0"/>
  <testcase classname="[901] numeroNatural=902, numeroRomano=CMII(testNumerosRomanos(int, String))" name="[901] numeroNatural=902, numeroRomano=CMII(testNumerosRomanos" time="0"/>
  <testcase classname="[902] numeroNatural=903, numeroRomano=CMIII(testNumerosRomanos(int, String))" name="[902] numeroNatural=903, numeroRomano=CMIII(testNumerosRomanos" time="0"/>
  <testcase classname="[903] numeroNatural=904, numeroRomano=CMIV(testNumerosRomanos(int, String))" name="[903] numeroNatural=904, numeroRomano=CMIV(testNumerosRomanos" time="0"/>
  <testcase classname="[904] numeroNatural=905, numeroRomano=CMV(testNumerosRomanos(int, String))" name="[904] numeroNatural=905, numeroRomano=CMV(testNumerosRomanos" time="0"/>
  <testcase classname="[905] numeroNatural=906, numeroRomano=CMVI(testNumerosRomanos(int, String))" name="[905] numeroNatural=906, numeroRomano=CMVI(testNumerosRomanos" time="0"/>
  <testcase classname="[906] numeroNatural=907, numeroRomano=CMVII(testNumerosRomanos(int, String))" name="[906] numeroNatural=907, numeroRomano=CMVII(testNumerosRomanos" time="0.001"/>
  <testcase classname="[907] numeroNatural=908, numeroRomano=CMVIII(testNumerosRomanos(int, String))" name="[907] numeroNatural=908, numeroRomano=CMVIII(testNumerosRomanos" time="0.001"/>
  <testcase classname="[908] numeroNatural=909, numeroRomano=CMIX(testNumerosRomanos(int, String))" name="[908] numeroNatural=909, numeroRomano=CMIX(testNumerosRomanos" time="0"/>
  <testcase classname="[909] numeroNatural=910, numeroRomano=CMX(testNumerosRomanos(int, String))" name="[909] numeroNatural=910, numeroRomano=CMX(testNumerosRomanos" time="0"/>
  <testcase classname="[910] numeroNatural=911, numeroRomano=CMXI(testNumerosRomanos(int, String))" name="[910] numeroNatural=911, numeroRomano=CMXI(testNumerosRomanos" time="0"/>
  <testcase classname="[911] numeroNatural=912, numeroRomano=CMXII(testNumerosRomanos(int, String))" name="[911] numeroNatural=912, numeroRomano=CMXII(testNumerosRomanos" time="0"/>
  <testcase classname="[912] numeroNatural=913, numeroRomano=CMXIII(testNumerosRomanos(int, String))" name="[912] numeroNatural=913, numeroRomano=CMXIII(testNumerosRomanos" time="0"/>
  <testcase classname="[913] numeroNatural=914, numeroRomano=CMXIV(testNumerosRomanos(int, String))" name="[913] numeroNatural=914, numeroRomano=CMXIV(testNumerosRomanos" time="0.001"/>
  <testcase classname="[914] numeroNatural=915, numeroRomano=CMXV(testNumerosRomanos(int, String))" name="[914] numeroNatural=915, numeroRomano=CMXV(testNumerosRomanos" time="0.001"/>
  <testcase classname="[915] numeroNatural=916, numeroRomano=CMXVI(testNumerosRomanos(int, String))" name="[915] numeroNatural=916, numeroRomano=CMXVI(testNumerosRomanos" time="0"/>
  <testcase classname="[916] numeroNatural=917, numeroRomano=CMXVII(testNumerosRomanos(int, String))" name="[916] numeroNatural=917, numeroRomano=CMXVII(testNumerosRomanos" time="0.001"/>
  <testcase classname="[917] numeroNatural=918, numeroRomano=CMXVIII(testNumerosRomanos(int, String))" name="[917] numeroNatural=918, numeroRomano=CMXVIII(testNumerosRomanos" time="0.001"/>
  <testcase classname="[918] numeroNatural=919, numeroRomano=CMXIX(testNumerosRomanos(int, String))" name="[918] numeroNatural=919, numeroRomano=CMXIX(testNumerosRomanos" time="0.001"/>
  <testcase classname="[919] numeroNatural=920, numeroRomano=CMXX(testNumerosRomanos(int, String))" name="[919] numeroNatural=920, numeroRomano=CMXX(testNumerosRomanos" time="0"/>
  <testcase classname="[920] numeroNatural=921, numeroRomano=CMXXI(testNumerosRomanos(int, String))" name="[920] numeroNatural=921, numeroRomano=CMXXI(testNumerosRomanos" time="0.001"/>
  <testcase classname="[921] numeroNatural=922, numeroRomano=CMXXII(testNumerosRomanos(int, String))" name="[921] numeroNatural=922, numeroRomano=CMXXII(testNumerosRomanos" time="0"/>
  <testcase classname="[922] numeroNatural=923, numeroRomano=CMXXIII(testNumerosRomanos(int, String))" name="[922] numeroNatural=923, numeroRomano=CMXXIII(testNumerosRomanos" time="0.001"/>
  <testcase classname="[923] numeroNatural=924, numeroRomano=CMXXIV(testNumerosRomanos(int, String))" name="[923] numeroNatural=924, numeroRomano=CMXXIV(testNumerosRomanos" time="0"/>
  <testcase classname="[924] numeroNatural=925, numeroRomano=CMXXV(testNumerosRomanos(int, String))" name="[924] numeroNatural=925, numeroRomano=CMXXV(testNumerosRomanos" time="0.001"/>
  <testcase classname="[925] numeroNatural=926, numeroRomano=CMXXVI(testNumerosRomanos(int, String))" name="[925] numeroNatural=926, numeroRomano=CMXXVI(testNumerosRomanos" time="0"/>
  <testcase classname="[926] numeroNatural=927, numeroRomano=CMXXVII(testNumerosRomanos(int, String))" name="[926] numeroNatural=927, numeroRomano=CMXXVII(testNumerosRomanos" time="0"/>
  <testcase classname="[927] numeroNatural=928, numeroRomano=CMXXVIII(testNumerosRomanos(int, String))" name="[927] numeroNatural=928, numeroRomano=CMXXVIII(testNumerosRomanos" time="0.002"/>
  <testcase classname="[928] numeroNatural=929, numeroRomano=CMXXIX(testNumerosRomanos(int, String))" name="[928] numeroNatural=929, numeroRomano=CMXXIX(testNumerosRomanos" time="0.001"/>
  <testcase classname="[929] numeroNatural=930, numeroRomano=CMXXX(testNumerosRomanos(int, String))" name="[929] numeroNatural=930, numeroRomano=CMXXX(testNumerosRomanos" time="0.001"/>
  <testcase classname="[930] numeroNatural=931, numeroRomano=CMXXXI(testNumerosRomanos(int, String))" name="[930] numeroNatural=931, numeroRomano=CMXXXI(testNumerosRomanos" time="0.001"/>
  <testcase classname="[931] numeroNatural=932, numeroRomano=CMXXXII(testNumerosRomanos(int, String))" name="[931] numeroNatural=932, numeroRomano=CMXXXII(testNumerosRomanos" time="0.001"/>
  <testcase classname="[932] numeroNatural=933, numeroRomano=CMXXXIII(testNumerosRomanos(int, String))" name="[932] numeroNatural=933, numeroRomano=CMXXXIII(testNumerosRomanos" time="0.001"/>
  <testcase classname="[933] numeroNatural=934, numeroRomano=CMXXXIV(testNumerosRomanos(int, String))" name="[933] numeroNatural=934, numeroRomano=CMXXXIV(testNumerosRomanos" time="0.001"/>
  <testcase classname="[934] numeroNatural=935, numeroRomano=CMXXXV(testNumerosRomanos(int, String))" name="[934] numeroNatural=935, numeroRomano=CMXXXV(testNumerosRomanos" time="0.001"/>
  <testcase classname="[935] numeroNatural=936, numeroRomano=CMXXXVI(testNumerosRomanos(int, String))" name="[935] numeroNatural=936, numeroRomano=CMXXXVI(testNumerosRomanos" time="0.001"/>
  <testcase classname="[936] numeroNatural=937, numeroRomano=CMXXXVII(testNumerosRomanos(int, String))" name="[936] numeroNatural=937, numeroRomano=CMXXXVII(testNumerosRomanos" time="0"/>
  <testcase classname="[937] numeroNatural=938, numeroRomano=CMXXXVIII(testNumerosRomanos(int, String))" name="[937] numeroNatural=938, numeroRomano=CMXXXVIII(testNumerosRomanos" time="0"/>
  <testcase classname="[938] numeroNatural=939, numeroRomano=CMXXXIX(testNumerosRomanos(int, String))" name="[938] numeroNatural=939, numeroRomano=CMXXXIX(testNumerosRomanos" time="0"/>
  <testcase classname="[939] numeroNatural=940, numeroRomano=CMXL(testNumerosRomanos(int, String))" name="[939] numeroNatural=940, numeroRomano=CMXL(testNumerosRomanos" time="0.001"/>
  <testcase classname="[940] numeroNatural=941, numeroRomano=CMXLI(testNumerosRomanos(int, String))" name="[940] numeroNatural=941, numeroRomano=CMXLI(testNumerosRomanos" time="0.001"/>
  <testcase classname="[941] numeroNatural=942, numeroRomano=CMXLII(testNumerosRomanos(int, String))" name="[941] numeroNatural=942, numeroRomano=CMXLII(testNumerosRomanos" time="0.001"/>
  <testcase classname="[942] numeroNatural=943, numeroRomano=CMXLIII(testNumerosRomanos(int, String))" name="[942] numeroNatural=943, numeroRomano=CMXLIII(testNumerosRomanos" time="0"/>
  <testcase classname="[943] numeroNatural=944, numeroRomano=CMXLIV(testNumerosRomanos(int, String))" name="[943] numeroNatural=944, numeroRomano=CMXLIV(testNumerosRomanos" time="0.001"/>
  <testcase classname="[944] numeroNatural=945, numeroRomano=CMXLV(testNumerosRomanos(int, String))" name="[944] numeroNatural=945, numeroRomano=CMXLV(testNumerosRomanos" time="0.001"/>
  <testcase classname="[945] numeroNatural=946, numeroRomano=CMXLVI(testNumerosRomanos(int, String))" name="[945] numeroNatural=946, numeroRomano=CMXLVI(testNumerosRomanos" time="0"/>
  <testcase classname="[946] numeroNatural=947, numeroRomano=CMXLVII(testNumerosRomanos(int, String))" name="[946] numeroNatural=947, numeroRomano=CMXLVII(testNumerosRomanos" time="0.001"/>
  <testcase classname="[947] numeroNatural=948, numeroRomano=CMXLVIII(testNumerosRomanos(int, String))" name="[947] numeroNatural=948, numeroRomano=CMXLVIII(testNumerosRomanos" time="0"/>
  <testcase classname="[948] numeroNatural=949, numeroRomano=CMXLIX(testNumerosRomanos(int, String))" name="[948] numeroNatural=949, numeroRomano=CMXLIX(testNumerosRomanos" time="0"/>
  <testcase classname="[949] numeroNatural=950, numeroRomano=CML(testNumerosRomanos(int, String))" name="[949] numeroNatural=950, numeroRomano=CML(testNumerosRomanos" time="0.001"/>
  <testcase classname="[950] numeroNatural=951, numeroRomano=CMLI(testNumerosRomanos(int, String))" name="[950] numeroNatural=951, numeroRomano=CMLI(testNumerosRomanos" time="0"/>
  <testcase classname="[951] numeroNatural=952, numeroRomano=CMLII(testNumerosRomanos(int, String))" name="[951] numeroNatural=952, numeroRomano=CMLII(testNumerosRomanos" time="0.001"/>
  <testcase classname="[952] numeroNatural=953, numeroRomano=CMLIII(testNumerosRomanos(int, String))" name="[952] numeroNatural=953, numeroRomano=CMLIII(testNumerosRomanos" time="0"/>
  <testcase classname="[953] numeroNatural=954, numeroRomano=CMLIV(testNumerosRomanos(int, String))" name="[953] numeroNatural=954, numeroRomano=CMLIV(testNumerosRomanos" time="0"/>
  <testcase classname="[954] numeroNatural=955, numeroRomano=CMLV(testNumerosRomanos(int, String))" name="[954] numeroNatural=955, numeroRomano=CMLV(testNumerosRomanos" time="0"/>
  <testcase classname="[955] numeroNatural=956, numeroRomano=CMLVI(testNumerosRomanos(int, String))" name="[955] numeroNatural=956, numeroRomano=CMLVI(testNumerosRomanos" time="0.001"/>
  <testcase classname="[956] numeroNatural=957, numeroRomano=CMLVII(testNumerosRomanos(int, String))" name="[956] numeroNatural=957, numeroRomano=CMLVII(testNumerosRomanos" time="0.001"/>
  <testcase classname="[957] numeroNatural=958, numeroRomano=CMLVIII(testNumerosRomanos(int, String))" name="[957] numeroNatural=958, numeroRomano=CMLVIII(testNumerosRomanos" time="0"/>
  <testcase classname="[958] numeroNatural=959, numeroRomano=CMLIX(testNumerosRomanos(int, String))" name="[958] numeroNatural=959, numeroRomano=CMLIX(testNumerosRomanos" time="0.001"/>
  <testcase classname="[959] numeroNatural=960, numeroRomano=CMLX(testNumerosRomanos(int, String))" name="[959] numeroNatural=960, numeroRomano=CMLX(testNumerosRomanos" time="0.001"/>
  <testcase classname="[960] numeroNatural=961, numeroRomano=CMLXI(testNumerosRomanos(int, String))" name="[960] numeroNatural=961, numeroRomano=CMLXI(testNumerosRomanos" time="0.001"/>
  <testcase classname="[961] numeroNatural=962, numeroRomano=CMLXII(testNumerosRomanos(int, String))" name="[961] numeroNatural=962, numeroRomano=CMLXII(testNumerosRomanos" time="0"/>
  <testcase classname="[962] numeroNatural=963, numeroRomano=CMLXIII(testNumerosRomanos(int, String))" name="[962] numeroNatural=963, numeroRomano=CMLXIII(testNumerosRomanos" time="0"/>
  <testcase classname="[963] numeroNatural=964, numeroRomano=CMLXIV(testNumerosRomanos(int, String))" name="[963] numeroNatural=964, numeroRomano=CMLXIV(testNumerosRomanos" time="0.004"/>
  <testcase classname="[964] numeroNatural=965, numeroRomano=CMLXV(testNumerosRomanos(int, String))" name="[964] numeroNatural=965, numeroRomano=CMLXV(testNumerosRomanos" time="0"/>
  <testcase classname="[965] numeroNatural=966, numeroRomano=CMLXVI(testNumerosRomanos(int, String))" name="[965] numeroNatural=966, numeroRomano=CMLXVI(testNumerosRomanos" time="0.001"/>
  <testcase classname="[966] numeroNatural=967, numeroRomano=CMLXVII(testNumerosRomanos(int, String))" name="[966] numeroNatural=967, numeroRomano=CMLXVII(testNumerosRomanos" time="0.001"/>
  <testcase classname="[967] numeroNatural=968, numeroRomano=CMLXVIII(testNumerosRomanos(int, String))" name="[967] numeroNatural=968, numeroRomano=CMLXVIII(testNumerosRomanos" time="0.001"/>
  <testcase classname="[968] numeroNatural=969, numeroRomano=CMLXIX(testNumerosRomanos(int, String))" name="[968] numeroNatural=969, numeroRomano=CMLXIX(testNumerosRomanos" time="0.001"/>
  <testcase classname="[969] numeroNatural=970, numeroRomano=CMLXX(testNumerosRomanos(int, String))" name="[969] numeroNatural=970, numeroRomano=CMLXX(testNumerosRomanos" time="0"/>
  <testcase classname="[970] numeroNatural=971, numeroRomano=CMLXXI(testNumerosRomanos(int, String))" name="[970] numeroNatural=971, numeroRomano=CMLXXI(testNumerosRomanos" time="0"/>
  <testcase classname="[971] numeroNatural=972, numeroRomano=CMLXXII(testNumerosRomanos(int, String))" name="[971] numeroNatural=972, numeroRomano=CMLXXII(testNumerosRomanos" time="0.001"/>
  <testcase classname="[972] numeroNatural=973, numeroRomano=CMLXXIII(testNumerosRomanos(int, String))" name="[972] numeroNatural=973, numeroRomano=CMLXXIII(testNumerosRomanos" time="0.004"/>
  <testcase classname="[973] numeroNatural=974, numeroRomano=CMLXXIV(testNumerosRomanos(int, String))" name="[973] numeroNatural=974, numeroRomano=CMLXXIV(testNumerosRomanos" time="0.001"/>
  <testcase classname="[974] numeroNatural=975, numeroRomano=CMLXXV(testNumerosRomanos(int, String))" name="[974] numeroNatural=975, numeroRomano=CMLXXV(testNumerosRomanos" time="0.001"/>
  <testcase classname="[975] numeroNatural=976, numeroRomano=CMLXXVI(testNumerosRomanos(int, String))" name="[975] numeroNatural=976, numeroRomano=CMLXXVI(testNumerosRomanos" time="0.001"/>
  <testcase classname="[976] numeroNatural=977, numeroRomano=CMLXXVII(testNumerosRomanos(int, String))" name="[976] numeroNatural=977, numeroRomano=CMLXXVII(testNumerosRomanos" time="0.001"/>
  <testcase classname="[977] numeroNatural=978, numeroRomano=CMLXXVIII(testNumerosRomanos(int, String))" name="[977] numeroNatural=978, numeroRomano=CMLXXVIII(testNumerosRomanos" time="0.001"/>
  <testcase classname="[978] numeroNatural=979, numeroRomano=CMLXXIX(testNumerosRomanos(int, String))" name="[978] numeroNatural=979, numeroRomano=CMLXXIX(testNumerosRomanos" time="0.001"/>
  <testcase classname="[979] numeroNatural=980, numeroRomano=CMLXXX(testNumerosRomanos(int, String))" name="[979] numeroNatural=980, numeroRomano=CMLXXX(testNumerosRomanos" time="0.001"/>
  <testcase classname="[980] numeroNatural=981, numeroRomano=CMLXXXI(testNumerosRomanos(int, String))" name="[980] numeroNatural=981, numeroRomano=CMLXXXI(testNumerosRomanos" time="0.001"/>
  <testcase classname="[981] numeroNatural=982, numeroRomano=CMLXXXII(testNumerosRomanos(int, String))" name="[981] numeroNatural=982, numeroRomano=CMLXXXII(testNumerosRomanos" time="0.001"/>
  <testcase classname="[982] numeroNatural=983, numeroRomano=CMLXXXIII(testNumerosRomanos(int, String))" name="[982] numeroNatural=983, numeroRomano=CMLXXXIII(testNumerosRomanos" time="0"/>
  <testcase classname="[983] numeroNatural=984, numeroRomano=CMLXXXIV(testNumerosRomanos(int, String))" name="[983] numeroNatural=984, numeroRomano=CMLXXXIV(testNumerosRomanos" time="0.001"/>
  <testcase classname="[984] numeroNatural=985, numeroRomano=CMLXXXV(testNumerosRomanos(int, String))" name="[984] numeroNatural=985, numeroRomano=CMLXXXV(testNumerosRomanos" time="0.001"/>
  <testcase classname="[985] numeroNatural=986, numeroRomano=CMLXXXVI(testNumerosRomanos(int, String))" name="[985] numeroNatural=986, numeroRomano=CMLXXXVI(testNumerosRomanos" time="0.001"/>
  <testcase classname="[986] numeroNatural=987, numeroRomano=CMLXXXVII(testNumerosRomanos(int, String))" name="[986] numeroNatural=987, numeroRomano=CMLXXXVII(testNumerosRomanos" time="0.002"/>
  <testcase classname="[987] numeroNatural=988, numeroRomano=CMLXXXVIII(testNumerosRomanos(int, String))" name="[987] numeroNatural=988, numeroRomano=CMLXXXVIII(testNumerosRomanos" time="0.001"/>
  <testcase classname="[988] numeroNatural=989, numeroRomano=CMLXXXIX(testNumerosRomanos(int, String))" name="[988] numeroNatural=989, numeroRomano=CMLXXXIX(testNumerosRomanos" time="0.001"/>
  <testcase classname="[989] numeroNatural=990, numeroRomano=CMXC(testNumerosRomanos(int, String))" name="[989] numeroNatural=990, numeroRomano=CMXC(testNumerosRomanos" time="0.001"/>
  <testcase classname="[990] numeroNatural=991, numeroRomano=CMXCI(testNumerosRomanos(int, String))" name="[990] numeroNatural=991, numeroRomano=CMXCI(testNumerosRomanos" time="0.001"/>
  <testcase classname="[991] numeroNatural=992, numeroRomano=CMXCII(testNumerosRomanos(int, String))" name="[991] numeroNatural=992, numeroRomano=CMXCII(testNumerosRomanos" time="0.001"/>
  <testcase classname="[992] numeroNatural=993, numeroRomano=CMXCIII(testNumerosRomanos(int, String))" name="[992] numeroNatural=993, numeroRomano=CMXCIII(testNumerosRomanos" time="0.001"/>
  <testcase classname="[993] numeroNatural=994, numeroRomano=CMXCIV(testNumerosRomanos(int, String))" name="[993] numeroNatural=994, numeroRomano=CMXCIV(testNumerosRomanos" time="0.001"/>
  <testcase classname="[994] numeroNatural=995, numeroRomano=CMXCV(testNumerosRomanos(int, String))" name="[994] numeroNatural=995, numeroRomano=CMXCV(testNumerosRomanos" time="0.001"/>
  <testcase classname="[995] numeroNatural=996, numeroRomano=CMXCVI(testNumerosRomanos(int, String))" name="[995] numeroNatural=996, numeroRomano=CMXCVI(testNumerosRomanos" time="0.001"/>
  <testcase classname="[996] numeroNatural=997, numeroRomano=CMXCVII(testNumerosRomanos(int, String))" name="[996] numeroNatural=997, numeroRomano=CMXCVII(testNumerosRomanos" time="0"/>
  <testcase classname="[997] numeroNatural=998, numeroRomano=CMXCVIII(testNumerosRomanos(int, String))" name="[997] numeroNatural=998, numeroRomano=CMXCVIII(testNumerosRomanos" time="0"/>
  <testcase classname="[998] numeroNatural=999, numeroRomano=CMXCIX(testNumerosRomanos(int, String))" name="[998] numeroNatural=999, numeroRomano=CMXCIX(testNumerosRomanos" time="0.001"/>
  <testcase classname="[999] numeroNatural=1000, numeroRomano=M(testNumerosRomanos(int, String))" name="[999] numeroNatural=1000, numeroRomano=M(testNumerosRomanos" time="0.001"/>
</testsuite>