<?xml version="1.0" encoding="UTF-8" ?>
<testsuite tests="50" failures="0" name="testing.romano.testingnumromano.test.RomanoTesting" time="0.343" errors="0" skipped="0">
  <properties>
[...]
</properties>
  <testcase classname="[1] numeroNatural=2, numeroRomano=II(testNumerosRomanos(int, String))" name="[1] numeroNatural=2, numeroRomano=II(testNumerosRomanos" time="0.134"/>
  <testcase classname="[2] numeroNatural=3, numeroRomano=III(testNumerosRomanos(int, String))" name="[2] numeroNatural=3, numeroRomano=III(testNumerosRomanos" time="0.007"/>
  <testcase classname="[3] numeroNatural=4, numeroRomano=IV(testNumerosRomanos(int, String))" name="[3] numeroNatural=4, numeroRomano=IV(testNumerosRomanos" time="0.005"/>
  <testcase classname="[4] numeroNatural=5, numeroRomano=V(testNumerosRomanos(int, String))" name="[4] numeroNatural=5, numeroRomano=V(testNumerosRomanos" time="0.006"/>
  <testcase classname="[5] numeroNatural=6, numeroRomano=VI(testNumerosRomanos(int, String))" name="[5] numeroNatural=6, numeroRomano=VI(testNumerosRomanos" time="0.008"/>
  <testcase classname="[6] numeroNatural=7, numeroRomano=VII(testNumerosRomanos(int, String))" name="[6] numeroNatural=7, numeroRomano=VII(testNumerosRomanos" time="0.004"/>
  <testcase classname="[7] numeroNatural=8, numeroRomano=VIII(testNumerosRomanos(int, String))" name="[7] numeroNatural=8, numeroRomano=VIII(testNumerosRomanos" time="0.006"/>
  <testcase classname="[8] numeroNatural=9, numeroRomano=IX(testNumerosRomanos(int, String))" name="[8] numeroNatural=9, numeroRomano=IX(testNumerosRomanos" time="0.008"/>
  <testcase classname="[9] numeroNatural=10, numeroRomano=X(testNumerosRomanos(int, String))" name="[9] numeroNatural=10, numeroRomano=X(testNumerosRomanos" time="0.006"/>
  <testcase classname="[10] numeroNatural=11, numeroRomano=XI(testNumerosRomanos(int, String))" name="[10] numeroNatural=11, numeroRomano=XI(testNumerosRomanos" time="0.005"/>
  <testcase classname="[11] numeroNatural=12, numeroRomano=XII(testNumerosRomanos(int, String))" name="[11] numeroNatural=12, numeroRomano=XII(testNumerosRomanos" time="0.003"/>
  <testcase classname="[12] numeroNatural=13, numeroRomano=XIII(testNumerosRomanos(int, String))" name="[12] numeroNatural=13, numeroRomano=XIII(testNumerosRomanos" time="0.006"/>
  <testcase classname="[13] numeroNatural=14, numeroRomano=XIV(testNumerosRomanos(int, String))" name="[13] numeroNatural=14, numeroRomano=XIV(testNumerosRomanos" time="0.005"/>
  <testcase classname="[14] numeroNatural=15, numeroRomano=XV(testNumerosRomanos(int, String))" name="[14] numeroNatural=15, numeroRomano=XV(testNumerosRomanos" time="0.003"/>
  <testcase classname="[15] numeroNatural=16, numeroRomano=XVI(testNumerosRomanos(int, String))" name="[15] numeroNatural=16, numeroRomano=XVI(testNumerosRomanos" time="0.002"/>
  <testcase classname="[16] numeroNatural=17, numeroRomano=XVII(testNumerosRomanos(int, String))" name="[16] numeroNatural=17, numeroRomano=XVII(testNumerosRomanos" time="0.006"/>
  <testcase classname="[17] numeroNatural=18, numeroRomano=XVIII(testNumerosRomanos(int, String))" name="[17] numeroNatural=18, numeroRomano=XVIII(testNumerosRomanos" time="0.003"/>
  <testcase classname="[18] numeroNatural=19, numeroRomano=XIX(testNumerosRomanos(int, String))" name="[18] numeroNatural=19, numeroRomano=XIX(testNumerosRomanos" time="0.005"/>
  <testcase classname="[19] numeroNatural=20, numeroRomano=XX(testNumerosRomanos(int, String))" name="[19] numeroNatural=20, numeroRomano=XX(testNumerosRomanos" time="0.012"/>
  <testcase classname="[20] numeroNatural=21, numeroRomano=XXI(testNumerosRomanos(int, String))" name="[20] numeroNatural=21, numeroRomano=XXI(testNumerosRomanos" time="0.007"/>
  <testcase classname="[21] numeroNatural=22, numeroRomano=XXII(testNumerosRomanos(int, String))" name="[21] numeroNatural=22, numeroRomano=XXII(testNumerosRomanos" time="0.008"/>
  <testcase classname="[22] numeroNatural=23, numeroRomano=XXIII(testNumerosRomanos(int, String))" name="[22] numeroNatural=23, numeroRomano=XXIII(testNumerosRomanos" time="0.005"/>
  <testcase classname="[23] numeroNatural=24, numeroRomano=XXIV(testNumerosRomanos(int, String))" name="[23] numeroNatural=24, numeroRomano=XXIV(testNumerosRomanos" time="0.003"/>
  <testcase classname="[24] numeroNatural=25, numeroRomano=XXV(testNumerosRomanos(int, String))" name="[24] numeroNatural=25, numeroRomano=XXV(testNumerosRomanos" time="0.005"/>
  <testcase classname="[25] numeroNatural=26, numeroRomano=XXVI(testNumerosRomanos(int, String))" name="[25] numeroNatural=26, numeroRomano=XXVI(testNumerosRomanos" time="0.004"/>
  <testcase classname="[26] numeroNatural=27, numeroRomano=XXVII(testNumerosRomanos(int, String))" name="[26] numeroNatural=27, numeroRomano=XXVII(testNumerosRomanos" time="0.007"/>
  <testcase classname="[27] numeroNatural=28, numeroRomano=XXVIII(testNumerosRomanos(int, String))" name="[27] numeroNatural=28, numeroRomano=XXVIII(testNumerosRomanos" time="0.003"/>
  <testcase classname="[28] numeroNatural=29, numeroRomano=XXIX(testNumerosRomanos(int, String))" name="[28] numeroNatural=29, numeroRomano=XXIX(testNumerosRomanos" time="0.003"/>
  <testcase classname="[29] numeroNatural=30, numeroRomano=XXX(testNumerosRomanos(int, String))" name="[29] numeroNatural=30, numeroRomano=XXX(testNumerosRomanos" time="0.002"/>
  <testcase classname="[30] numeroNatural=31, numeroRomano=XXXI(testNumerosRomanos(int, String))" name="[30] numeroNatural=31, numeroRomano=XXXI(testNumerosRomanos" time="0.002"/>
  <testcase classname="[31] numeroNatural=32, numeroRomano=XXXII(testNumerosRomanos(int, String))" name="[31] numeroNatural=32, numeroRomano=XXXII(testNumerosRomanos" time="0.002"/>
  <testcase classname="[32] numeroNatural=33, numeroRomano=XXXIII(testNumerosRomanos(int, String))" name="[32] numeroNatural=33, numeroRomano=XXXIII(testNumerosRomanos" time="0.002"/>
  <testcase classname="[33] numeroNatural=34, numeroRomano=XXXIV(testNumerosRomanos(int, String))" name="[33] numeroNatural=34, numeroRomano=XXXIV(testNumerosRomanos" time="0.001"/>
  <testcase classname="[34] numeroNatural=35, numeroRomano=XXXV(testNumerosRomanos(int, String))" name="[34] numeroNatural=35, numeroRomano=XXXV(testNumerosRomanos" time="0.001"/>
  <testcase classname="[35] numeroNatural=36, numeroRomano=XXXVI(testNumerosRomanos(int, String))" name="[35] numeroNatural=36, numeroRomano=XXXVI(testNumerosRomanos" time="0.004"/>
  <testcase classname="[36] numeroNatural=37, numeroRomano=XXXVII(testNumerosRomanos(int, String))" name="[36] numeroNatural=37, numeroRomano=XXXVII(testNumerosRomanos" time="0.002"/>
  <testcase classname="[37] numeroNatural=38, numeroRomano=XXXVIII(testNumerosRomanos(int, String))" name="[37] numeroNatural=38, numeroRomano=XXXVIII(testNumerosRomanos" time="0.002"/>
  <testcase classname="[38] numeroNatural=39, numeroRomano=XXXIX(testNumerosRomanos(int, String))" name="[38] numeroNatural=39, numeroRomano=XXXIX(testNumerosRomanos" time="0.002"/>
  <testcase classname="[39] numeroNatural=40, numeroRomano=XL(testNumerosRomanos(int, String))" name="[39] numeroNatural=40, numeroRomano=XL(testNumerosRomanos" time="0.008"/>
  <testcase classname="[40] numeroNatural=41, numeroRomano=XLI(testNumerosRomanos(int, String))" name="[40] numeroNatural=41, numeroRomano=XLI(testNumerosRomanos" time="0.002"/>
  <testcase classname="[41] numeroNatural=42, numeroRomano=XLII(testNumerosRomanos(int, String))" name="[41] numeroNatural=42, numeroRomano=XLII(testNumerosRomanos" time="0.002"/>
  <testcase classname="[42] numeroNatural=43, numeroRomano=XLIII(testNumerosRomanos(int, String))" name="[42] numeroNatural=43, numeroRomano=XLIII(testNumerosRomanos" time="0.01"/>
  <testcase classname="[43] numeroNatural=44, numeroRomano=XLIV(testNumerosRomanos(int, String))" name="[43] numeroNatural=44, numeroRomano=XLIV(testNumerosRomanos" time="0.003"/>
  <testcase classname="[44] numeroNatural=45, numeroRomano=XLV(testNumerosRomanos(int, String))" name="[44] numeroNatural=45, numeroRomano=XLV(testNumerosRomanos" time="0.003"/>
  <testcase classname="[45] numeroNatural=46, numeroRomano=XLVI(testNumerosRomanos(int, String))" name="[45] numeroNatural=46, numeroRomano=XLVI(testNumerosRomanos" time="0.002"/>
  <testcase classname="[46] numeroNatural=47, numeroRomano=XLVII(testNumerosRomanos(int, String))" name="[46] numeroNatural=47, numeroRomano=XLVII(testNumerosRomanos" time="0.002"/>
  <testcase classname="[47] numeroNatural=48, numeroRomano=XLVIII(testNumerosRomanos(int, String))" name="[47] numeroNatural=48, numeroRomano=XLVIII(testNumerosRomanos" time="0.004"/>
  <testcase classname="[48] numeroNatural=49, numeroRomano=XLIX(testNumerosRomanos(int, String))" name="[48] numeroNatural=49, numeroRomano=XLIX(testNumerosRomanos" time="0.002"/>
  <testcase classname="[49] numeroNatural=50, numeroRomano=L(testNumerosRomanos(int, String))" name="[49] numeroNatural=50, numeroRomano=L(testNumerosRomanos" time="0.003"/>
  <testcase classname="[50] numeroNatural=51, numeroRomano=LI(testNumerosRomanos(int, String))" name="[50] numeroNatural=51, numeroRomano=LI(testNumerosRomanos" time="0.003"/>
</testsuite>